{"/home/williamniemiec/Documents/workspace/ufrgs/universitask/src/colors.js": {"path":"/home/williamniemiec/Documents/workspace/ufrgs/universitask/src/colors.js","statementMap":{},"fnMap":{},"branchMap":{},"s":{},"f":{},"b":{},"_coverageSchema":"1a1c01bbd47fc00a2c39e90264f33305004495a9","hash":"c14b7d8e61bde251808b4646913e5895618ba453"}
,"/home/williamniemiec/Documents/workspace/ufrgs/universitask/src/components/DateTimeSelector.js": {"path":"/home/williamniemiec/Documents/workspace/ufrgs/universitask/src/components/DateTimeSelector.js","statementMap":{"0":{"start":{"line":14,"column":25},"end":{"line":54,"column":1}},"1":{"start":{"line":16,"column":42},"end":{"line":16,"column":67}},"2":{"start":{"line":17,"column":42},"end":{"line":17,"column":54}},"3":{"start":{"line":18,"column":26},"end":{"line":18,"column":42}},"4":{"start":{"line":19,"column":26},"end":{"line":19,"column":41}},"5":{"start":{"line":21,"column":2},"end":{"line":23,"column":9}},"6":{"start":{"line":22,"column":4},"end":{"line":22,"column":71}},"7":{"start":{"line":25,"column":2},"end":{"line":53,"column":4}},"8":{"start":{"line":39,"column":26},"end":{"line":39,"column":64}},"9":{"start":{"line":58,"column":28},"end":{"line":77,"column":1}},"10":{"start":{"line":62,"column":2},"end":{"line":63,"column":17}},"11":{"start":{"line":63,"column":4},"end":{"line":63,"column":17}},"12":{"start":{"line":65,"column":2},"end":{"line":76,"column":4}},"13":{"start":{"line":72,"column":38},"end":{"line":74,"column":90}},"14":{"start":{"line":84,"column":2},"end":{"line":84,"column":18}},"15":{"start":{"line":85,"column":2},"end":{"line":85,"column":16}},"16":{"start":{"line":90,"column":22},"end":{"line":90,"column":54}},"17":{"start":{"line":92,"column":2},"end":{"line":108,"column":3}},"18":{"start":{"line":93,"column":4},"end":{"line":93,"column":19}},"19":{"start":{"line":94,"column":4},"end":{"line":94,"column":33}},"20":{"start":{"line":95,"column":4},"end":{"line":95,"column":68}},"21":{"start":{"line":98,"column":4},"end":{"line":98,"column":33}},"22":{"start":{"line":99,"column":4},"end":{"line":99,"column":68}},"23":{"start":{"line":101,"column":4},"end":{"line":102,"column":22}},"24":{"start":{"line":102,"column":6},"end":{"line":102,"column":22}},"25":{"start":{"line":104,"column":4},"end":{"line":107,"column":5}},"26":{"start":{"line":105,"column":6},"end":{"line":105,"column":21}},"27":{"start":{"line":106,"column":6},"end":{"line":106,"column":36}}},"fnMap":{"0":{"name":"(anonymous_0)","decl":{"start":{"line":14,"column":25},"end":{"line":14,"column":26}},"loc":{"start":{"line":14,"column":74},"end":{"line":54,"column":1}},"line":14},"1":{"name":"(anonymous_1)","decl":{"start":{"line":21,"column":12},"end":{"line":21,"column":13}},"loc":{"start":{"line":21,"column":18},"end":{"line":23,"column":3}},"line":21},"2":{"name":"(anonymous_2)","decl":{"start":{"line":39,"column":20},"end":{"line":39,"column":21}},"loc":{"start":{"line":39,"column":26},"end":{"line":39,"column":64}},"line":39},"3":{"name":"(anonymous_3)","decl":{"start":{"line":58,"column":28},"end":{"line":58,"column":29}},"loc":{"start":{"line":61,"column":6},"end":{"line":77,"column":1}},"line":61},"4":{"name":"(anonymous_4)","decl":{"start":{"line":72,"column":16},"end":{"line":72,"column":17}},"loc":{"start":{"line":72,"column":38},"end":{"line":74,"column":90}},"line":72},"5":{"name":"openDateTimeSelector","decl":{"start":{"line":83,"column":9},"end":{"line":83,"column":29}},"loc":{"start":{"line":83,"column":48},"end":{"line":86,"column":1}},"line":83},"6":{"name":"onChange","decl":{"start":{"line":88,"column":9},"end":{"line":88,"column":17}},"loc":{"start":{"line":89,"column":79},"end":{"line":109,"column":1}},"line":89}},"branchMap":{"0":{"loc":{"start":{"line":14,"column":37},"end":{"line":14,"column":53}},"type":"default-arg","locations":[{"start":{"line":14,"column":48},"end":{"line":14,"column":53}}],"line":14},"1":{"loc":{"start":{"line":62,"column":2},"end":{"line":63,"column":17}},"type":"if","locations":[{"start":{"line":62,"column":2},"end":{"line":63,"column":17}},{"start":{"line":62,"column":2},"end":{"line":63,"column":17}}],"line":62},"2":{"loc":{"start":{"line":90,"column":22},"end":{"line":90,"column":54}},"type":"binary-expr","locations":[{"start":{"line":90,"column":22},"end":{"line":90,"column":38}},{"start":{"line":90,"column":42},"end":{"line":90,"column":54}}],"line":90},"3":{"loc":{"start":{"line":92,"column":2},"end":{"line":108,"column":3}},"type":"if","locations":[{"start":{"line":92,"column":2},"end":{"line":108,"column":3}},{"start":{"line":92,"column":2},"end":{"line":108,"column":3}}],"line":92},"4":{"loc":{"start":{"line":101,"column":4},"end":{"line":102,"column":22}},"type":"if","locations":[{"start":{"line":101,"column":4},"end":{"line":102,"column":22}},{"start":{"line":101,"column":4},"end":{"line":102,"column":22}}],"line":101},"5":{"loc":{"start":{"line":104,"column":4},"end":{"line":107,"column":5}},"type":"if","locations":[{"start":{"line":104,"column":4},"end":{"line":107,"column":5}},{"start":{"line":104,"column":4},"end":{"line":107,"column":5}}],"line":104},"6":{"loc":{"start":{"line":104,"column":8},"end":{"line":104,"column":46}},"type":"binary-expr","locations":[{"start":{"line":104,"column":8},"end":{"line":104,"column":27}},{"start":{"line":104,"column":31},"end":{"line":104,"column":46}}],"line":104}},"s":{"0":1,"1":0,"2":0,"3":0,"4":0,"5":0,"6":0,"7":0,"8":0,"9":1,"10":0,"11":0,"12":0,"13":0,"14":0,"15":0,"16":0,"17":0,"18":0,"19":0,"20":0,"21":0,"22":0,"23":0,"24":0,"25":0,"26":0,"27":0},"f":{"0":0,"1":0,"2":0,"3":0,"4":0,"5":0,"6":0},"b":{"0":[0],"1":[0,0],"2":[0,0],"3":[0,0],"4":[0,0],"5":[0,0],"6":[0,0]},"_coverageSchema":"1a1c01bbd47fc00a2c39e90264f33305004495a9","hash":"6f2e15e5e30c784578d3518964cf17ff0810f2d0"}
,"/home/williamniemiec/Documents/workspace/ufrgs/universitask/src/components/PrimaryButton.js": {"path":"/home/williamniemiec/Documents/workspace/ufrgs/universitask/src/components/PrimaryButton.js","statementMap":{"0":{"start":{"line":5,"column":22},"end":{"line":12,"column":1}},"1":{"start":{"line":6,"column":2},"end":{"line":11,"column":13}}},"fnMap":{"0":{"name":"(anonymous_0)","decl":{"start":{"line":5,"column":22},"end":{"line":5,"column":23}},"loc":{"start":{"line":6,"column":2},"end":{"line":11,"column":13}},"line":6}},"branchMap":{},"s":{"0":1,"1":0},"f":{"0":0},"b":{},"_coverageSchema":"1a1c01bbd47fc00a2c39e90264f33305004495a9","hash":"dd8bfb3f998d4b5f565d11ece7a2696a4a489364"}
,"/home/williamniemiec/Documents/workspace/ufrgs/universitask/src/components/CustomTabBar/index.js": {"path":"/home/williamniemiec/Documents/workspace/ufrgs/universitask/src/components/CustomTabBar/index.js","statementMap":{"0":{"start":{"line":7,"column":50},"end":{"line":7,"column":65}},"1":{"start":{"line":9,"column":2},"end":{"line":27,"column":9}},"2":{"start":{"line":10,"column":36},"end":{"line":15,"column":5}},"3":{"start":{"line":13,"column":8},"end":{"line":13,"column":33}},"4":{"start":{"line":16,"column":36},"end":{"line":21,"column":5}},"5":{"start":{"line":19,"column":8},"end":{"line":19,"column":34}},"6":{"start":{"line":23,"column":4},"end":{"line":26,"column":6}},"7":{"start":{"line":24,"column":6},"end":{"line":24,"column":39}},"8":{"start":{"line":25,"column":6},"end":{"line":25,"column":39}},"9":{"start":{"line":29,"column":2},"end":{"line":30,"column":16}},"10":{"start":{"line":30,"column":4},"end":{"line":30,"column":16}},"11":{"start":{"line":32,"column":2},"end":{"line":66,"column":4}},"12":{"start":{"line":35,"column":24},"end":{"line":35,"column":54}},"13":{"start":{"line":36,"column":21},"end":{"line":36,"column":41}},"14":{"start":{"line":37,"column":29},"end":{"line":37,"column":40}},"15":{"start":{"line":38,"column":27},"end":{"line":38,"column":49}},"16":{"start":{"line":40,"column":25},"end":{"line":42,"column":9}},"17":{"start":{"line":41,"column":10},"end":{"line":41,"column":42}},"18":{"start":{"line":44,"column":8},"end":{"line":63,"column":9}},"19":{"start":{"line":45,"column":10},"end":{"line":51,"column":12}},"20":{"start":{"line":54,"column":10},"end":{"line":62,"column":12}}},"fnMap":{"0":{"name":"CustomTabBar","decl":{"start":{"line":5,"column":9},"end":{"line":5,"column":21}},"loc":{"start":{"line":5,"column":58},"end":{"line":67,"column":1}},"line":5},"1":{"name":"(anonymous_1)","decl":{"start":{"line":9,"column":12},"end":{"line":9,"column":13}},"loc":{"start":{"line":9,"column":18},"end":{"line":27,"column":3}},"line":9},"2":{"name":"(anonymous_2)","decl":{"start":{"line":12,"column":6},"end":{"line":12,"column":7}},"loc":{"start":{"line":12,"column":12},"end":{"line":14,"column":7}},"line":12},"3":{"name":"(anonymous_3)","decl":{"start":{"line":18,"column":6},"end":{"line":18,"column":7}},"loc":{"start":{"line":18,"column":12},"end":{"line":20,"column":7}},"line":18},"4":{"name":"(anonymous_4)","decl":{"start":{"line":23,"column":11},"end":{"line":23,"column":12}},"loc":{"start":{"line":23,"column":17},"end":{"line":26,"column":5}},"line":23},"5":{"name":"(anonymous_5)","decl":{"start":{"line":34,"column":24},"end":{"line":34,"column":25}},"loc":{"start":{"line":34,"column":42},"end":{"line":64,"column":7}},"line":34},"6":{"name":"(anonymous_6)","decl":{"start":{"line":40,"column":25},"end":{"line":40,"column":26}},"loc":{"start":{"line":40,"column":31},"end":{"line":42,"column":9}},"line":40}},"branchMap":{"0":{"loc":{"start":{"line":29,"column":2},"end":{"line":30,"column":16}},"type":"if","locations":[{"start":{"line":29,"column":2},"end":{"line":30,"column":16}},{"start":{"line":29,"column":2},"end":{"line":30,"column":16}}],"line":29},"1":{"loc":{"start":{"line":44,"column":8},"end":{"line":63,"column":9}},"type":"if","locations":[{"start":{"line":44,"column":8},"end":{"line":63,"column":9}},{"start":{"line":44,"column":8},"end":{"line":63,"column":9}}],"line":44},"2":{"loc":{"start":{"line":58,"column":44},"end":{"line":58,"column":65}},"type":"cond-expr","locations":[{"start":{"line":58,"column":56},"end":{"line":58,"column":59}},{"start":{"line":58,"column":62},"end":{"line":58,"column":65}}],"line":58}},"s":{"0":0,"1":0,"2":0,"3":0,"4":0,"5":0,"6":0,"7":0,"8":0,"9":0,"10":0,"11":0,"12":0,"13":0,"14":0,"15":0,"16":0,"17":0,"18":0,"19":0,"20":0},"f":{"0":0,"1":0,"2":0,"3":0,"4":0,"5":0,"6":0},"b":{"0":[0,0],"1":[0,0],"2":[0,0]},"_coverageSchema":"1a1c01bbd47fc00a2c39e90264f33305004495a9","hash":"41b01123d40682f0bacfa36dfcf6fa82181a737e"}
,"/home/williamniemiec/Documents/workspace/ufrgs/universitask/src/components/CustomTabBar/styles.js": {"path":"/home/williamniemiec/Documents/workspace/ufrgs/universitask/src/components/CustomTabBar/styles.js","statementMap":{},"fnMap":{},"branchMap":{},"s":{},"f":{},"b":{},"_coverageSchema":"1a1c01bbd47fc00a2c39e90264f33305004495a9","hash":"320dd009194de04328ea382ca11b9d8109a40bb5"}
,"/home/williamniemiec/Documents/workspace/ufrgs/universitask/src/components/Task/Loading.js": {"path":"/home/williamniemiec/Documents/workspace/ufrgs/universitask/src/components/Task/Loading.js","statementMap":{"0":{"start":{"line":4,"column":16},"end":{"line":12,"column":1}},"1":{"start":{"line":5,"column":2},"end":{"line":11,"column":13}}},"fnMap":{"0":{"name":"(anonymous_0)","decl":{"start":{"line":4,"column":16},"end":{"line":4,"column":17}},"loc":{"start":{"line":5,"column":2},"end":{"line":11,"column":13}},"line":5}},"branchMap":{},"s":{"0":1,"1":0},"f":{"0":0},"b":{},"_coverageSchema":"1a1c01bbd47fc00a2c39e90264f33305004495a9","hash":"e9b918e34e548ca73b942d6ed756a33df7f6b127"}
,"/home/williamniemiec/Documents/workspace/ufrgs/universitask/src/components/Task/NoTasksMessage.js": {"path":"/home/williamniemiec/Documents/workspace/ufrgs/universitask/src/components/Task/NoTasksMessage.js","statementMap":{"0":{"start":{"line":4,"column":23},"end":{"line":15,"column":1}},"1":{"start":{"line":5,"column":2},"end":{"line":14,"column":9}}},"fnMap":{"0":{"name":"(anonymous_0)","decl":{"start":{"line":4,"column":23},"end":{"line":4,"column":24}},"loc":{"start":{"line":5,"column":2},"end":{"line":14,"column":9}},"line":5}},"branchMap":{},"s":{"0":1,"1":0},"f":{"0":0},"b":{},"_coverageSchema":"1a1c01bbd47fc00a2c39e90264f33305004495a9","hash":"a85446c08e62daa8c51001d13bf205a3a3bde76b"}
,"/home/williamniemiec/Documents/workspace/ufrgs/universitask/src/components/Task/TaskList.js": {"path":"/home/williamniemiec/Documents/workspace/ufrgs/universitask/src/components/Task/TaskList.js","statementMap":{"0":{"start":{"line":17,"column":29},"end":{"line":17,"column":72}},"1":{"start":{"line":20,"column":2},"end":{"line":25,"column":4}},"2":{"start":{"line":27,"column":18},"end":{"line":27,"column":54}},"3":{"start":{"line":27,"column":39},"end":{"line":27,"column":53}},"4":{"start":{"line":28,"column":2},"end":{"line":28,"column":20}},"5":{"start":{"line":31,"column":17},"end":{"line":182,"column":1}},"6":{"start":{"line":33,"column":38},"end":{"line":33,"column":53}},"7":{"start":{"line":34,"column":42},"end":{"line":34,"column":57}},"8":{"start":{"line":36,"column":21},"end":{"line":36,"column":36}},"9":{"start":{"line":37,"column":19},"end":{"line":37,"column":32}},"10":{"start":{"line":38,"column":18},"end":{"line":38,"column":65}},"11":{"start":{"line":38,"column":39},"end":{"line":38,"column":64}},"12":{"start":{"line":41,"column":4},"end":{"line":41,"column":38}},"13":{"start":{"line":45,"column":19},"end":{"line":45,"column":59}},"14":{"start":{"line":45,"column":39},"end":{"line":45,"column":55}},"15":{"start":{"line":47,"column":4},"end":{"line":47,"column":37}},"16":{"start":{"line":51,"column":16},"end":{"line":51,"column":36}},"17":{"start":{"line":52,"column":23},"end":{"line":52,"column":38}},"18":{"start":{"line":54,"column":4},"end":{"line":55,"column":17}},"19":{"start":{"line":55,"column":6},"end":{"line":55,"column":17}},"20":{"start":{"line":57,"column":4},"end":{"line":57,"column":56}},"21":{"start":{"line":61,"column":16},"end":{"line":61,"column":36}},"22":{"start":{"line":62,"column":23},"end":{"line":62,"column":38}},"23":{"start":{"line":64,"column":4},"end":{"line":65,"column":18}},"24":{"start":{"line":65,"column":6},"end":{"line":65,"column":18}},"25":{"start":{"line":67,"column":21},"end":{"line":67,"column":40}},"26":{"start":{"line":68,"column":23},"end":{"line":68,"column":69}},"27":{"start":{"line":70,"column":4},"end":{"line":70,"column":26}},"28":{"start":{"line":74,"column":4},"end":{"line":74,"column":24}},"29":{"start":{"line":75,"column":4},"end":{"line":75,"column":25}},"30":{"start":{"line":76,"column":4},"end":{"line":76,"column":49}},"31":{"start":{"line":76,"column":21},"end":{"line":76,"column":43}},"32":{"start":{"line":79,"column":25},"end":{"line":99,"column":3}},"33":{"start":{"line":80,"column":4},"end":{"line":98,"column":11}},"34":{"start":{"line":101,"column":19},"end":{"line":115,"column":3}},"35":{"start":{"line":102,"column":4},"end":{"line":114,"column":16}},"36":{"start":{"line":117,"column":19},"end":{"line":135,"column":3}},"37":{"start":{"line":118,"column":4},"end":{"line":134,"column":16}},"38":{"start":{"line":137,"column":20},"end":{"line":145,"column":3}},"39":{"start":{"line":138,"column":4},"end":{"line":144,"column":13}},"40":{"start":{"line":147,"column":14},"end":{"line":158,"column":3}},"41":{"start":{"line":148,"column":4},"end":{"line":157,"column":10}},"42":{"start":{"line":160,"column":2},"end":{"line":181,"column":4}},"43":{"start":{"line":164,"column":30},"end":{"line":164,"column":45}},"44":{"start":{"line":167,"column":35},"end":{"line":167,"column":90}},"45":{"start":{"line":167,"column":72},"end":{"line":167,"column":86}},"46":{"start":{"line":168,"column":43},"end":{"line":168,"column":61}},"47":{"start":{"line":174,"column":23},"end":{"line":174,"column":48}},"48":{"start":{"line":175,"column":20},"end":{"line":175,"column":41}},"49":{"start":{"line":177,"column":8},"end":{"line":177,"column":34}},"50":{"start":{"line":178,"column":8},"end":{"line":178,"column":61}}},"fnMap":{"0":{"name":"removeTask","decl":{"start":{"line":19,"column":9},"end":{"line":19,"column":19}},"loc":{"start":{"line":19,"column":51},"end":{"line":29,"column":1}},"line":19},"1":{"name":"(anonymous_1)","decl":{"start":{"line":27,"column":31},"end":{"line":27,"column":32}},"loc":{"start":{"line":27,"column":39},"end":{"line":27,"column":53}},"line":27},"2":{"name":"(anonymous_2)","decl":{"start":{"line":31,"column":17},"end":{"line":31,"column":18}},"loc":{"start":{"line":31,"column":42},"end":{"line":182,"column":1}},"line":31},"3":{"name":"(anonymous_3)","decl":{"start":{"line":38,"column":30},"end":{"line":38,"column":31}},"loc":{"start":{"line":38,"column":39},"end":{"line":38,"column":64}},"line":38},"4":{"name":"handleTaskSelection","decl":{"start":{"line":40,"column":11},"end":{"line":40,"column":30}},"loc":{"start":{"line":40,"column":33},"end":{"line":42,"column":3}},"line":40},"5":{"name":"getCourseName","decl":{"start":{"line":44,"column":11},"end":{"line":44,"column":24}},"loc":{"start":{"line":44,"column":35},"end":{"line":48,"column":3}},"line":44},"6":{"name":"(anonymous_6)","decl":{"start":{"line":45,"column":34},"end":{"line":45,"column":35}},"loc":{"start":{"line":45,"column":39},"end":{"line":45,"column":55}},"line":45},"7":{"name":"getCompletenessPrediction","decl":{"start":{"line":50,"column":11},"end":{"line":50,"column":36}},"loc":{"start":{"line":50,"column":57},"end":{"line":58,"column":3}},"line":50},"8":{"name":"getCompletenessPredictionInDays","decl":{"start":{"line":60,"column":11},"end":{"line":60,"column":42}},"loc":{"start":{"line":60,"column":63},"end":{"line":71,"column":3}},"line":60},"9":{"name":"handleRefresh","decl":{"start":{"line":73,"column":11},"end":{"line":73,"column":24}},"loc":{"start":{"line":73,"column":27},"end":{"line":77,"column":3}},"line":73},"10":{"name":"(anonymous_10)","decl":{"start":{"line":76,"column":15},"end":{"line":76,"column":16}},"loc":{"start":{"line":76,"column":21},"end":{"line":76,"column":43}},"line":76},"11":{"name":"(anonymous_11)","decl":{"start":{"line":79,"column":25},"end":{"line":79,"column":26}},"loc":{"start":{"line":80,"column":4},"end":{"line":98,"column":11}},"line":80},"12":{"name":"(anonymous_12)","decl":{"start":{"line":101,"column":19},"end":{"line":101,"column":20}},"loc":{"start":{"line":102,"column":4},"end":{"line":114,"column":16}},"line":102},"13":{"name":"(anonymous_13)","decl":{"start":{"line":117,"column":19},"end":{"line":117,"column":20}},"loc":{"start":{"line":118,"column":4},"end":{"line":134,"column":16}},"line":118},"14":{"name":"(anonymous_14)","decl":{"start":{"line":137,"column":20},"end":{"line":137,"column":21}},"loc":{"start":{"line":138,"column":4},"end":{"line":144,"column":13}},"line":138},"15":{"name":"(anonymous_15)","decl":{"start":{"line":147,"column":14},"end":{"line":147,"column":15}},"loc":{"start":{"line":148,"column":4},"end":{"line":157,"column":10}},"line":148},"16":{"name":"(anonymous_16)","decl":{"start":{"line":164,"column":20},"end":{"line":164,"column":21}},"loc":{"start":{"line":164,"column":30},"end":{"line":164,"column":45}},"line":164},"17":{"name":"(anonymous_17)","decl":{"start":{"line":167,"column":18},"end":{"line":167,"column":19}},"loc":{"start":{"line":167,"column":35},"end":{"line":167,"column":90}},"line":167},"18":{"name":"(anonymous_18)","decl":{"start":{"line":167,"column":66},"end":{"line":167,"column":67}},"loc":{"start":{"line":167,"column":72},"end":{"line":167,"column":86}},"line":167},"19":{"name":"(anonymous_19)","decl":{"start":{"line":168,"column":24},"end":{"line":168,"column":25}},"loc":{"start":{"line":168,"column":43},"end":{"line":168,"column":61}},"line":168},"20":{"name":"(anonymous_20)","decl":{"start":{"line":173,"column":17},"end":{"line":173,"column":18}},"loc":{"start":{"line":173,"column":37},"end":{"line":179,"column":7}},"line":173}},"branchMap":{"0":{"loc":{"start":{"line":47,"column":11},"end":{"line":47,"column":36}},"type":"cond-expr","locations":[{"start":{"line":47,"column":20},"end":{"line":47,"column":31}},{"start":{"line":47,"column":34},"end":{"line":47,"column":36}}],"line":47},"1":{"loc":{"start":{"line":54,"column":4},"end":{"line":55,"column":17}},"type":"if","locations":[{"start":{"line":54,"column":4},"end":{"line":55,"column":17}},{"start":{"line":54,"column":4},"end":{"line":55,"column":17}}],"line":54},"2":{"loc":{"start":{"line":54,"column":8},"end":{"line":54,"column":56}},"type":"binary-expr","locations":[{"start":{"line":54,"column":8},"end":{"line":54,"column":29}},{"start":{"line":54,"column":34},"end":{"line":54,"column":55}}],"line":54},"3":{"loc":{"start":{"line":64,"column":4},"end":{"line":65,"column":18}},"type":"if","locations":[{"start":{"line":64,"column":4},"end":{"line":65,"column":18}},{"start":{"line":64,"column":4},"end":{"line":65,"column":18}}],"line":64},"4":{"loc":{"start":{"line":105,"column":21},"end":{"line":105,"column":76}},"type":"cond-expr","locations":[{"start":{"line":105,"column":55},"end":{"line":105,"column":64}},{"start":{"line":105,"column":67},"end":{"line":105,"column":76}}],"line":105}},"s":{"0":1,"1":0,"2":0,"3":0,"4":0,"5":1,"6":0,"7":0,"8":0,"9":0,"10":0,"11":0,"12":0,"13":0,"14":0,"15":0,"16":0,"17":0,"18":0,"19":0,"20":0,"21":0,"22":0,"23":0,"24":0,"25":0,"26":0,"27":0,"28":0,"29":0,"30":0,"31":0,"32":0,"33":0,"34":0,"35":0,"36":0,"37":0,"38":0,"39":0,"40":0,"41":0,"42":0,"43":0,"44":0,"45":0,"46":0,"47":0,"48":0,"49":0,"50":0},"f":{"0":0,"1":0,"2":0,"3":0,"4":0,"5":0,"6":0,"7":0,"8":0,"9":0,"10":0,"11":0,"12":0,"13":0,"14":0,"15":0,"16":0,"17":0,"18":0,"19":0,"20":0},"b":{"0":[0,0],"1":[0,0],"2":[0,0],"3":[0,0],"4":[0,0]},"_coverageSchema":"1a1c01bbd47fc00a2c39e90264f33305004495a9","hash":"12b9afa51e456611c0626b9e47ee2bfe105fb510"}
,"/home/williamniemiec/Documents/workspace/ufrgs/universitask/src/components/Task/index.js": {"path":"/home/williamniemiec/Documents/workspace/ufrgs/universitask/src/components/Task/index.js","statementMap":{"0":{"start":{"line":7,"column":13},"end":{"line":27,"column":1}},"1":{"start":{"line":9,"column":28},"end":{"line":9,"column":40}},"2":{"start":{"line":10,"column":32},"end":{"line":10,"column":46}},"3":{"start":{"line":12,"column":19},"end":{"line":12,"column":64}},"4":{"start":{"line":12,"column":40},"end":{"line":12,"column":63}},"5":{"start":{"line":13,"column":21},"end":{"line":13,"column":68}},"6":{"start":{"line":13,"column":42},"end":{"line":13,"column":67}},"7":{"start":{"line":15,"column":2},"end":{"line":18,"column":26}},"8":{"start":{"line":16,"column":4},"end":{"line":16,"column":23}},"9":{"start":{"line":17,"column":4},"end":{"line":17,"column":22}},"10":{"start":{"line":20,"column":2},"end":{"line":21,"column":23}},"11":{"start":{"line":21,"column":4},"end":{"line":21,"column":23}},"12":{"start":{"line":23,"column":2},"end":{"line":24,"column":30}},"13":{"start":{"line":24,"column":4},"end":{"line":24,"column":30}},"14":{"start":{"line":26,"column":2},"end":{"line":26,"column":56}}},"fnMap":{"0":{"name":"(anonymous_0)","decl":{"start":{"line":7,"column":13},"end":{"line":7,"column":14}},"loc":{"start":{"line":7,"column":30},"end":{"line":27,"column":1}},"line":7},"1":{"name":"(anonymous_1)","decl":{"start":{"line":12,"column":31},"end":{"line":12,"column":32}},"loc":{"start":{"line":12,"column":40},"end":{"line":12,"column":63}},"line":12},"2":{"name":"(anonymous_2)","decl":{"start":{"line":13,"column":33},"end":{"line":13,"column":34}},"loc":{"start":{"line":13,"column":42},"end":{"line":13,"column":67}},"line":13},"3":{"name":"(anonymous_3)","decl":{"start":{"line":15,"column":12},"end":{"line":15,"column":13}},"loc":{"start":{"line":15,"column":18},"end":{"line":18,"column":3}},"line":15}},"branchMap":{"0":{"loc":{"start":{"line":20,"column":2},"end":{"line":21,"column":23}},"type":"if","locations":[{"start":{"line":20,"column":2},"end":{"line":21,"column":23}},{"start":{"line":20,"column":2},"end":{"line":21,"column":23}}],"line":20},"1":{"loc":{"start":{"line":23,"column":2},"end":{"line":24,"column":30}},"type":"if","locations":[{"start":{"line":23,"column":2},"end":{"line":24,"column":30}},{"start":{"line":23,"column":2},"end":{"line":24,"column":30}}],"line":23},"2":{"loc":{"start":{"line":23,"column":6},"end":{"line":23,"column":39}},"type":"binary-expr","locations":[{"start":{"line":23,"column":6},"end":{"line":23,"column":17}},{"start":{"line":23,"column":21},"end":{"line":23,"column":39}}],"line":23}},"s":{"0":1,"1":0,"2":0,"3":0,"4":0,"5":0,"6":0,"7":0,"8":0,"9":0,"10":0,"11":0,"12":0,"13":0,"14":0},"f":{"0":0,"1":0,"2":0,"3":0},"b":{"0":[0,0],"1":[0,0],"2":[0,0]},"_coverageSchema":"1a1c01bbd47fc00a2c39e90264f33305004495a9","hash":"d5f14f309c275f308df54894d18ef94502d2d094"}
,"/home/williamniemiec/Documents/workspace/ufrgs/universitask/src/components/buttons/SecondaryButton.js": {"path":"/home/williamniemiec/Documents/workspace/ufrgs/universitask/src/components/buttons/SecondaryButton.js","statementMap":{"0":{"start":{"line":4,"column":24},"end":{"line":16,"column":1}},"1":{"start":{"line":5,"column":1},"end":{"line":15,"column":3}}},"fnMap":{"0":{"name":"(anonymous_0)","decl":{"start":{"line":4,"column":24},"end":{"line":4,"column":25}},"loc":{"start":{"line":4,"column":56},"end":{"line":16,"column":1}},"line":4}},"branchMap":{},"s":{"0":1,"1":0},"f":{"0":0},"b":{},"_coverageSchema":"1a1c01bbd47fc00a2c39e90264f33305004495a9","hash":"0fd02dadd8dea829045837d00e29409a62a8c193"}
,"/home/williamniemiec/Documents/workspace/ufrgs/universitask/src/components/buttons/PlusButton/index.js": {"path":"/home/williamniemiec/Documents/workspace/ufrgs/universitask/src/components/buttons/PlusButton/index.js","statementMap":{"0":{"start":{"line":5,"column":19},"end":{"line":17,"column":1}},"1":{"start":{"line":6,"column":2},"end":{"line":16,"column":11}}},"fnMap":{"0":{"name":"(anonymous_0)","decl":{"start":{"line":5,"column":19},"end":{"line":5,"column":20}},"loc":{"start":{"line":6,"column":2},"end":{"line":16,"column":11}},"line":6}},"branchMap":{},"s":{"0":1,"1":0},"f":{"0":0},"b":{},"_coverageSchema":"1a1c01bbd47fc00a2c39e90264f33305004495a9","hash":"6109342c6bf77bd8b24b2652eb73522e9f559d63"}
,"/home/williamniemiec/Documents/workspace/ufrgs/universitask/src/components/buttons/PlusButton/style.js": {"path":"/home/williamniemiec/Documents/workspace/ufrgs/universitask/src/components/buttons/PlusButton/style.js","statementMap":{},"fnMap":{},"branchMap":{},"s":{},"f":{},"b":{},"_coverageSchema":"1a1c01bbd47fc00a2c39e90264f33305004495a9","hash":"2539d8fbe570aeca72f101bbd80823a83017ec7c"}
,"/home/williamniemiec/Documents/workspace/ufrgs/universitask/src/components/template/Container.js": {"path":"/home/williamniemiec/Documents/workspace/ufrgs/universitask/src/components/template/Container.js","statementMap":{"0":{"start":{"line":3,"column":18},"end":{"line":7,"column":1}}},"fnMap":{},"branchMap":{},"s":{"0":1},"f":{},"b":{},"_coverageSchema":"1a1c01bbd47fc00a2c39e90264f33305004495a9","hash":"2bea9c5dff21abeb3459ec1a624f92fcff9858db"}
,"/home/williamniemiec/Documents/workspace/ufrgs/universitask/src/navigators/HomeStack.js": {"path":"/home/williamniemiec/Documents/workspace/ufrgs/universitask/src/navigators/HomeStack.js","statementMap":{"0":{"start":{"line":12,"column":23},"end":{"line":12,"column":45}},"1":{"start":{"line":14,"column":18},"end":{"line":50,"column":1}},"2":{"start":{"line":16,"column":2},"end":{"line":49,"column":4}}},"fnMap":{"0":{"name":"(anonymous_0)","decl":{"start":{"line":14,"column":18},"end":{"line":14,"column":19}},"loc":{"start":{"line":14,"column":24},"end":{"line":50,"column":1}},"line":14}},"branchMap":{},"s":{"0":1,"1":1,"2":0},"f":{"0":0},"b":{},"_coverageSchema":"1a1c01bbd47fc00a2c39e90264f33305004495a9","hash":"330e9d2d2e8c534916d4c161ddb225c8e749bdab"}
,"/home/williamniemiec/Documents/workspace/ufrgs/universitask/src/navigators/MainTab.js": {"path":"/home/williamniemiec/Documents/workspace/ufrgs/universitask/src/navigators/MainTab.js","statementMap":{"0":{"start":{"line":15,"column":21},"end":{"line":15,"column":47}},"1":{"start":{"line":17,"column":18},"end":{"line":61,"column":1}},"2":{"start":{"line":18,"column":2},"end":{"line":60,"column":4}},"3":{"start":{"line":21,"column":25},"end":{"line":21,"column":54}},"4":{"start":{"line":22,"column":35},"end":{"line":29,"column":7}},"5":{"start":{"line":23,"column":26},"end":{"line":23,"column":48}},"6":{"start":{"line":70,"column":12},"end":{"line":70,"column":16}},"7":{"start":{"line":72,"column":2},"end":{"line":85,"column":3}},"8":{"start":{"line":74,"column":6},"end":{"line":74,"column":54}},"9":{"start":{"line":75,"column":6},"end":{"line":75,"column":12}},"10":{"start":{"line":77,"column":6},"end":{"line":77,"column":50}},"11":{"start":{"line":78,"column":6},"end":{"line":78,"column":12}},"12":{"start":{"line":80,"column":6},"end":{"line":80,"column":51}},"13":{"start":{"line":81,"column":6},"end":{"line":81,"column":12}},"14":{"start":{"line":83,"column":6},"end":{"line":83,"column":53}},"15":{"start":{"line":84,"column":6},"end":{"line":84,"column":12}},"16":{"start":{"line":87,"column":2},"end":{"line":90,"column":4}}},"fnMap":{"0":{"name":"(anonymous_0)","decl":{"start":{"line":17,"column":18},"end":{"line":17,"column":19}},"loc":{"start":{"line":17,"column":24},"end":{"line":61,"column":1}},"line":17},"1":{"name":"(anonymous_1)","decl":{"start":{"line":21,"column":14},"end":{"line":21,"column":15}},"loc":{"start":{"line":21,"column":25},"end":{"line":21,"column":54}},"line":21},"2":{"name":"(anonymous_2)","decl":{"start":{"line":22,"column":21},"end":{"line":22,"column":22}},"loc":{"start":{"line":22,"column":35},"end":{"line":29,"column":7}},"line":22},"3":{"name":"(anonymous_3)","decl":{"start":{"line":23,"column":20},"end":{"line":23,"column":21}},"loc":{"start":{"line":23,"column":26},"end":{"line":23,"column":48}},"line":23},"4":{"name":"buildTabBarIcon","decl":{"start":{"line":69,"column":9},"end":{"line":69,"column":24}},"loc":{"start":{"line":69,"column":32},"end":{"line":91,"column":1}},"line":69}},"branchMap":{"0":{"loc":{"start":{"line":72,"column":2},"end":{"line":85,"column":3}},"type":"switch","locations":[{"start":{"line":73,"column":4},"end":{"line":75,"column":12}},{"start":{"line":76,"column":4},"end":{"line":78,"column":12}},{"start":{"line":79,"column":4},"end":{"line":81,"column":12}},{"start":{"line":82,"column":4},"end":{"line":84,"column":12}}],"line":72}},"s":{"0":1,"1":1,"2":0,"3":0,"4":0,"5":0,"6":0,"7":0,"8":0,"9":0,"10":0,"11":0,"12":0,"13":0,"14":0,"15":0,"16":0},"f":{"0":0,"1":0,"2":0,"3":0,"4":0},"b":{"0":[0,0,0,0]},"_coverageSchema":"1a1c01bbd47fc00a2c39e90264f33305004495a9","hash":"302a848782875be965f326e636caa16f54e4da6b"}
,"/home/williamniemiec/Documents/workspace/ufrgs/universitask/src/reducers/UserReducer.js": {"path":"/home/williamniemiec/Documents/workspace/ufrgs/universitask/src/reducers/UserReducer.js","statementMap":{"0":{"start":{"line":18,"column":21},"end":{"line":21,"column":1}},"1":{"start":{"line":25,"column":2},"end":{"line":46,"column":3}},"2":{"start":{"line":27,"column":6},"end":{"line":27,"column":47}},"3":{"start":{"line":29,"column":6},"end":{"line":29,"column":47}},"4":{"start":{"line":31,"column":6},"end":{"line":31,"column":47}},"5":{"start":{"line":33,"column":6},"end":{"line":33,"column":49}},"6":{"start":{"line":35,"column":6},"end":{"line":35,"column":49}},"7":{"start":{"line":37,"column":6},"end":{"line":37,"column":49}},"8":{"start":{"line":39,"column":6},"end":{"line":39,"column":57}},"9":{"start":{"line":41,"column":6},"end":{"line":41,"column":60}},"10":{"start":{"line":43,"column":6},"end":{"line":43,"column":30}},"11":{"start":{"line":45,"column":6},"end":{"line":45,"column":19}},"12":{"start":{"line":50,"column":16},"end":{"line":50,"column":27}},"13":{"start":{"line":51,"column":15},"end":{"line":51,"column":52}},"14":{"start":{"line":53,"column":2},"end":{"line":53,"column":19}},"15":{"start":{"line":55,"column":2},"end":{"line":55,"column":36}},"16":{"start":{"line":59,"column":2},"end":{"line":65,"column":3}},"17":{"start":{"line":69,"column":16},"end":{"line":69,"column":27}},"18":{"start":{"line":70,"column":22},"end":{"line":70,"column":66}},"19":{"start":{"line":70,"column":43},"end":{"line":70,"column":65}},"20":{"start":{"line":72,"column":2},"end":{"line":76,"column":3}},"21":{"start":{"line":73,"column":17},"end":{"line":73,"column":58}},"22":{"start":{"line":75,"column":4},"end":{"line":75,"column":21}},"23":{"start":{"line":78,"column":2},"end":{"line":78,"column":42}},"24":{"start":{"line":82,"column":16},"end":{"line":82,"column":27}},"25":{"start":{"line":83,"column":22},"end":{"line":83,"column":66}},"26":{"start":{"line":83,"column":43},"end":{"line":83,"column":65}},"27":{"start":{"line":85,"column":2},"end":{"line":85,"column":42}},"28":{"start":{"line":89,"column":17},"end":{"line":89,"column":56}},"29":{"start":{"line":90,"column":16},"end":{"line":90,"column":29}},"30":{"start":{"line":92,"column":2},"end":{"line":97,"column":3}},"31":{"start":{"line":93,"column":4},"end":{"line":93,"column":22}},"32":{"start":{"line":95,"column":7},"end":{"line":97,"column":3}},"33":{"start":{"line":96,"column":4},"end":{"line":96,"column":25}},"34":{"start":{"line":99,"column":2},"end":{"line":99,"column":40}},"35":{"start":{"line":103,"column":2},"end":{"line":103,"column":23}},"36":{"start":{"line":107,"column":18},"end":{"line":107,"column":31}},"37":{"start":{"line":109,"column":2},"end":{"line":109,"column":59}},"38":{"start":{"line":109,"column":28},"end":{"line":109,"column":42}},"39":{"start":{"line":113,"column":2},"end":{"line":117,"column":3}},"40":{"start":{"line":121,"column":2},"end":{"line":122,"column":17}},"41":{"start":{"line":122,"column":4},"end":{"line":122,"column":17}},"42":{"start":{"line":124,"column":22},"end":{"line":124,"column":58}},"43":{"start":{"line":125,"column":2},"end":{"line":125,"column":38}},"44":{"start":{"line":127,"column":24},"end":{"line":127,"column":64}},"45":{"start":{"line":128,"column":2},"end":{"line":128,"column":36}},"46":{"start":{"line":130,"column":2},"end":{"line":130,"column":46}},"47":{"start":{"line":134,"column":18},"end":{"line":134,"column":31}},"48":{"start":{"line":136,"column":2},"end":{"line":136,"column":55}},"49":{"start":{"line":136,"column":28},"end":{"line":136,"column":38}},"50":{"start":{"line":140,"column":18},"end":{"line":140,"column":31}},"51":{"start":{"line":142,"column":2},"end":{"line":142,"column":39}},"52":{"start":{"line":142,"column":27},"end":{"line":142,"column":37}},"53":{"start":{"line":146,"column":18},"end":{"line":146,"column":31}},"54":{"start":{"line":148,"column":2},"end":{"line":148,"column":52}},"55":{"start":{"line":148,"column":34},"end":{"line":148,"column":50}},"56":{"start":{"line":152,"column":24},"end":{"line":152,"column":64}},"57":{"start":{"line":153,"column":22},"end":{"line":153,"column":66}},"58":{"start":{"line":155,"column":2},"end":{"line":155,"column":66}},"59":{"start":{"line":159,"column":16},"end":{"line":159,"column":27}},"60":{"start":{"line":161,"column":2},"end":{"line":161,"column":50}},"61":{"start":{"line":161,"column":30},"end":{"line":161,"column":48}},"62":{"start":{"line":165,"column":22},"end":{"line":165,"column":64}},"63":{"start":{"line":167,"column":2},"end":{"line":167,"column":42}},"64":{"start":{"line":171,"column":23},"end":{"line":171,"column":44}},"65":{"start":{"line":172,"column":16},"end":{"line":172,"column":27}},"66":{"start":{"line":174,"column":2},"end":{"line":174,"column":80}},"67":{"start":{"line":174,"column":30},"end":{"line":174,"column":78}},"68":{"start":{"line":178,"column":2},"end":{"line":178,"column":34}},"69":{"start":{"line":182,"column":22},"end":{"line":182,"column":67}},"70":{"start":{"line":184,"column":2},"end":{"line":184,"column":42}},"71":{"start":{"line":188,"column":23},"end":{"line":188,"column":44}},"72":{"start":{"line":189,"column":16},"end":{"line":189,"column":27}},"73":{"start":{"line":191,"column":2},"end":{"line":191,"column":84}},"74":{"start":{"line":191,"column":30},"end":{"line":191,"column":82}},"75":{"start":{"line":195,"column":2},"end":{"line":195,"column":22}}},"fnMap":{"0":{"name":"(anonymous_0)","decl":{"start":{"line":23,"column":15},"end":{"line":23,"column":16}},"loc":{"start":{"line":23,"column":47},"end":{"line":47,"column":1}},"line":23},"1":{"name":"insertTask","decl":{"start":{"line":49,"column":9},"end":{"line":49,"column":19}},"loc":{"start":{"line":49,"column":36},"end":{"line":56,"column":1}},"line":49},"2":{"name":"buildTaskFromPayload","decl":{"start":{"line":58,"column":9},"end":{"line":58,"column":29}},"loc":{"start":{"line":58,"column":48},"end":{"line":66,"column":1}},"line":58},"3":{"name":"updateTask","decl":{"start":{"line":68,"column":9},"end":{"line":68,"column":19}},"loc":{"start":{"line":68,"column":36},"end":{"line":79,"column":1}},"line":68},"4":{"name":"(anonymous_4)","decl":{"start":{"line":70,"column":35},"end":{"line":70,"column":36}},"loc":{"start":{"line":70,"column":43},"end":{"line":70,"column":65}},"line":70},"5":{"name":"removeTask","decl":{"start":{"line":81,"column":9},"end":{"line":81,"column":19}},"loc":{"start":{"line":81,"column":36},"end":{"line":86,"column":1}},"line":81},"6":{"name":"(anonymous_6)","decl":{"start":{"line":83,"column":35},"end":{"line":83,"column":36}},"loc":{"start":{"line":83,"column":43},"end":{"line":83,"column":65}},"line":83},"7":{"name":"insertCourse","decl":{"start":{"line":88,"column":9},"end":{"line":88,"column":21}},"loc":{"start":{"line":88,"column":38},"end":{"line":100,"column":1}},"line":88},"8":{"name":"hasAnyPersistedCourses","decl":{"start":{"line":102,"column":9},"end":{"line":102,"column":31}},"loc":{"start":{"line":102,"column":39},"end":{"line":104,"column":1}},"line":102},"9":{"name":"hasPersistedCourseWithName","decl":{"start":{"line":106,"column":9},"end":{"line":106,"column":35}},"loc":{"start":{"line":106,"column":49},"end":{"line":110,"column":1}},"line":106},"10":{"name":"(anonymous_10)","decl":{"start":{"line":109,"column":23},"end":{"line":109,"column":24}},"loc":{"start":{"line":109,"column":28},"end":{"line":109,"column":42}},"line":109},"11":{"name":"buildCourseFromPayload","decl":{"start":{"line":112,"column":9},"end":{"line":112,"column":31}},"loc":{"start":{"line":112,"column":52},"end":{"line":118,"column":1}},"line":112},"12":{"name":"updateCourse","decl":{"start":{"line":120,"column":9},"end":{"line":120,"column":21}},"loc":{"start":{"line":120,"column":38},"end":{"line":131,"column":1}},"line":120},"13":{"name":"hasPersistedCourseWithId","decl":{"start":{"line":133,"column":9},"end":{"line":133,"column":33}},"loc":{"start":{"line":133,"column":45},"end":{"line":137,"column":1}},"line":133},"14":{"name":"(anonymous_14)","decl":{"start":{"line":136,"column":23},"end":{"line":136,"column":24}},"loc":{"start":{"line":136,"column":28},"end":{"line":136,"column":38}},"line":136},"15":{"name":"getPersistedCourseWithId","decl":{"start":{"line":139,"column":9},"end":{"line":139,"column":33}},"loc":{"start":{"line":139,"column":45},"end":{"line":143,"column":1}},"line":139},"16":{"name":"(anonymous_16)","decl":{"start":{"line":142,"column":22},"end":{"line":142,"column":23}},"loc":{"start":{"line":142,"column":27},"end":{"line":142,"column":37}},"line":142},"17":{"name":"getPersistedCoursesWithoutId","decl":{"start":{"line":145,"column":9},"end":{"line":145,"column":37}},"loc":{"start":{"line":145,"column":49},"end":{"line":149,"column":1}},"line":145},"18":{"name":"(anonymous_18)","decl":{"start":{"line":148,"column":24},"end":{"line":148,"column":25}},"loc":{"start":{"line":148,"column":34},"end":{"line":148,"column":50}},"line":148},"19":{"name":"removeCourse","decl":{"start":{"line":151,"column":9},"end":{"line":151,"column":21}},"loc":{"start":{"line":151,"column":38},"end":{"line":156,"column":1}},"line":151},"20":{"name":"getPersistedTasksWithoutCourseId","decl":{"start":{"line":158,"column":9},"end":{"line":158,"column":41}},"loc":{"start":{"line":158,"column":53},"end":{"line":162,"column":1}},"line":158},"21":{"name":"(anonymous_21)","decl":{"start":{"line":161,"column":22},"end":{"line":161,"column":23}},"loc":{"start":{"line":161,"column":30},"end":{"line":161,"column":48}},"line":161},"22":{"name":"removeTasksFromCurrentMonth","decl":{"start":{"line":164,"column":9},"end":{"line":164,"column":36}},"loc":{"start":{"line":164,"column":44},"end":{"line":168,"column":1}},"line":164},"23":{"name":"getPersistedTasksBeforeCurrentMonth","decl":{"start":{"line":170,"column":9},"end":{"line":170,"column":44}},"loc":{"start":{"line":170,"column":52},"end":{"line":175,"column":1}},"line":170},"24":{"name":"(anonymous_24)","decl":{"start":{"line":174,"column":22},"end":{"line":174,"column":23}},"loc":{"start":{"line":174,"column":30},"end":{"line":174,"column":78}},"line":174},"25":{"name":"getTaskBeginDate","decl":{"start":{"line":177,"column":9},"end":{"line":177,"column":25}},"loc":{"start":{"line":177,"column":32},"end":{"line":179,"column":1}},"line":177},"26":{"name":"removeTasksFromCurrentSemester","decl":{"start":{"line":181,"column":9},"end":{"line":181,"column":39}},"loc":{"start":{"line":181,"column":47},"end":{"line":185,"column":1}},"line":181},"27":{"name":"getPersistedTasksBeforeCurrentSemester","decl":{"start":{"line":187,"column":9},"end":{"line":187,"column":47}},"loc":{"start":{"line":187,"column":55},"end":{"line":192,"column":1}},"line":187},"28":{"name":"(anonymous_28)","decl":{"start":{"line":191,"column":22},"end":{"line":191,"column":23}},"loc":{"start":{"line":191,"column":30},"end":{"line":191,"column":82}},"line":191},"29":{"name":"removeAllTasks","decl":{"start":{"line":194,"column":9},"end":{"line":194,"column":23}},"loc":{"start":{"line":194,"column":26},"end":{"line":196,"column":1}},"line":194}},"branchMap":{"0":{"loc":{"start":{"line":23,"column":16},"end":{"line":23,"column":34}},"type":"default-arg","locations":[{"start":{"line":23,"column":22},"end":{"line":23,"column":34}}],"line":23},"1":{"loc":{"start":{"line":25,"column":2},"end":{"line":46,"column":3}},"type":"switch","locations":[{"start":{"line":26,"column":4},"end":{"line":27,"column":47}},{"start":{"line":28,"column":4},"end":{"line":29,"column":47}},{"start":{"line":30,"column":4},"end":{"line":31,"column":47}},{"start":{"line":32,"column":4},"end":{"line":33,"column":49}},{"start":{"line":34,"column":4},"end":{"line":35,"column":49}},{"start":{"line":36,"column":4},"end":{"line":37,"column":49}},{"start":{"line":38,"column":4},"end":{"line":39,"column":57}},{"start":{"line":40,"column":4},"end":{"line":41,"column":60}},{"start":{"line":42,"column":4},"end":{"line":43,"column":30}},{"start":{"line":44,"column":4},"end":{"line":45,"column":19}}],"line":25},"2":{"loc":{"start":{"line":72,"column":2},"end":{"line":76,"column":3}},"type":"if","locations":[{"start":{"line":72,"column":2},"end":{"line":76,"column":3}},{"start":{"line":72,"column":2},"end":{"line":76,"column":3}}],"line":72},"3":{"loc":{"start":{"line":92,"column":2},"end":{"line":97,"column":3}},"type":"if","locations":[{"start":{"line":92,"column":2},"end":{"line":97,"column":3}},{"start":{"line":92,"column":2},"end":{"line":97,"column":3}}],"line":92},"4":{"loc":{"start":{"line":95,"column":7},"end":{"line":97,"column":3}},"type":"if","locations":[{"start":{"line":95,"column":7},"end":{"line":97,"column":3}},{"start":{"line":95,"column":7},"end":{"line":97,"column":3}}],"line":95},"5":{"loc":{"start":{"line":121,"column":2},"end":{"line":122,"column":17}},"type":"if","locations":[{"start":{"line":121,"column":2},"end":{"line":122,"column":17}},{"start":{"line":121,"column":2},"end":{"line":122,"column":17}}],"line":121}},"s":{"0":1,"1":3,"2":0,"3":0,"4":0,"5":0,"6":0,"7":0,"8":0,"9":0,"10":0,"11":3,"12":0,"13":0,"14":0,"15":0,"16":0,"17":0,"18":0,"19":0,"20":0,"21":0,"22":0,"23":0,"24":0,"25":0,"26":0,"27":0,"28":0,"29":0,"30":0,"31":0,"32":0,"33":0,"34":0,"35":0,"36":0,"37":0,"38":0,"39":0,"40":0,"41":0,"42":0,"43":0,"44":0,"45":0,"46":0,"47":0,"48":0,"49":0,"50":0,"51":0,"52":0,"53":0,"54":0,"55":0,"56":0,"57":0,"58":0,"59":0,"60":0,"61":0,"62":0,"63":0,"64":0,"65":0,"66":0,"67":0,"68":0,"69":0,"70":0,"71":0,"72":0,"73":0,"74":0,"75":0},"f":{"0":3,"1":0,"2":0,"3":0,"4":0,"5":0,"6":0,"7":0,"8":0,"9":0,"10":0,"11":0,"12":0,"13":0,"14":0,"15":0,"16":0,"17":0,"18":0,"19":0,"20":0,"21":0,"22":0,"23":0,"24":0,"25":0,"26":0,"27":0,"28":0,"29":0},"b":{"0":[3],"1":[0,0,0,0,0,0,0,0,0,3],"2":[0,0],"3":[0,0],"4":[0,0],"5":[0,0]},"_coverageSchema":"1a1c01bbd47fc00a2c39e90264f33305004495a9","hash":"90295b62b3a3aacbb4ba4846f3bee1bbb97a7b02"}
,"/home/williamniemiec/Documents/workspace/ufrgs/universitask/src/reducers/index.js": {"path":"/home/williamniemiec/Documents/workspace/ufrgs/universitask/src/reducers/index.js","statementMap":{},"fnMap":{},"branchMap":{},"s":{},"f":{},"b":{},"_coverageSchema":"1a1c01bbd47fc00a2c39e90264f33305004495a9","hash":"9c5e6bcd9c85a8ea7d949ad9086a6a33bf23a846"}
,"/home/williamniemiec/Documents/workspace/ufrgs/universitask/src/screens/ConfigScreen/UpdateRemoveCourseModal.js": {"path":"/home/williamniemiec/Documents/workspace/ufrgs/universitask/src/screens/ConfigScreen/UpdateRemoveCourseModal.js","statementMap":{"0":{"start":{"line":18,"column":32},"end":{"line":50,"column":1}},"1":{"start":{"line":23,"column":22},"end":{"line":23,"column":34}},"2":{"start":{"line":25,"column":2},"end":{"line":30,"column":6}},"3":{"start":{"line":26,"column":4},"end":{"line":30,"column":6}},"4":{"start":{"line":32,"column":2},"end":{"line":49,"column":4}},"5":{"start":{"line":54,"column":38},"end":{"line":58,"column":1}},"6":{"start":{"line":55,"column":2},"end":{"line":57,"column":17}},"7":{"start":{"line":60,"column":36},"end":{"line":114,"column":1}},"8":{"start":{"line":65,"column":14},"end":{"line":65,"column":43}},"9":{"start":{"line":65,"column":32},"end":{"line":65,"column":42}},"10":{"start":{"line":67,"column":4},"end":{"line":67,"column":35}},"11":{"start":{"line":70,"column":2},"end":{"line":113,"column":4}},"12":{"start":{"line":95,"column":12},"end":{"line":95,"column":41}},"13":{"start":{"line":96,"column":12},"end":{"line":96,"column":57}},"14":{"start":{"line":100,"column":12},"end":{"line":100,"column":66}},"15":{"start":{"line":109,"column":37},"end":{"line":109,"column":64}},"16":{"start":{"line":116,"column":38},"end":{"line":127,"column":1}},"17":{"start":{"line":117,"column":2},"end":{"line":126,"column":17}}},"fnMap":{"0":{"name":"(anonymous_0)","decl":{"start":{"line":18,"column":32},"end":{"line":18,"column":33}},"loc":{"start":{"line":21,"column":6},"end":{"line":50,"column":1}},"line":21},"1":{"name":"(anonymous_1)","decl":{"start":{"line":54,"column":38},"end":{"line":54,"column":39}},"loc":{"start":{"line":55,"column":2},"end":{"line":57,"column":17}},"line":55},"2":{"name":"(anonymous_2)","decl":{"start":{"line":60,"column":36},"end":{"line":60,"column":37}},"loc":{"start":{"line":62,"column":6},"end":{"line":114,"column":1}},"line":62},"3":{"name":"getCourseColor","decl":{"start":{"line":64,"column":11},"end":{"line":64,"column":25}},"loc":{"start":{"line":64,"column":30},"end":{"line":68,"column":3}},"line":64},"4":{"name":"(anonymous_4)","decl":{"start":{"line":65,"column":27},"end":{"line":65,"column":28}},"loc":{"start":{"line":65,"column":32},"end":{"line":65,"column":42}},"line":65},"5":{"name":"(anonymous_5)","decl":{"start":{"line":94,"column":25},"end":{"line":94,"column":26}},"loc":{"start":{"line":94,"column":40},"end":{"line":97,"column":11}},"line":94},"6":{"name":"(anonymous_6)","decl":{"start":{"line":99,"column":23},"end":{"line":99,"column":24}},"loc":{"start":{"line":100,"column":12},"end":{"line":100,"column":66}},"line":100},"7":{"name":"(anonymous_7)","decl":{"start":{"line":109,"column":25},"end":{"line":109,"column":26}},"loc":{"start":{"line":109,"column":37},"end":{"line":109,"column":64}},"line":109},"8":{"name":"(anonymous_8)","decl":{"start":{"line":116,"column":38},"end":{"line":116,"column":39}},"loc":{"start":{"line":117,"column":2},"end":{"line":126,"column":17}},"line":117}},"branchMap":{"0":{"loc":{"start":{"line":25,"column":2},"end":{"line":30,"column":6}},"type":"if","locations":[{"start":{"line":25,"column":2},"end":{"line":30,"column":6}},{"start":{"line":25,"column":2},"end":{"line":30,"column":6}}],"line":25},"1":{"loc":{"start":{"line":67,"column":11},"end":{"line":67,"column":34}},"type":"cond-expr","locations":[{"start":{"line":67,"column":15},"end":{"line":67,"column":22}},{"start":{"line":67,"column":25},"end":{"line":67,"column":34}}],"line":67}},"s":{"0":1,"1":0,"2":0,"3":0,"4":0,"5":1,"6":0,"7":1,"8":0,"9":0,"10":0,"11":0,"12":0,"13":0,"14":0,"15":0,"16":1,"17":0},"f":{"0":0,"1":0,"2":0,"3":0,"4":0,"5":0,"6":0,"7":0,"8":0},"b":{"0":[0,0],"1":[0,0]},"_coverageSchema":"1a1c01bbd47fc00a2c39e90264f33305004495a9","hash":"70dbddfdbf716c8b02c01aeb6d5df2e20c9a6b28"}
,"/home/williamniemiec/Documents/workspace/ufrgs/universitask/src/screens/ConfigScreen/index.js": {"path":"/home/williamniemiec/Documents/workspace/ufrgs/universitask/src/screens/ConfigScreen/index.js","statementMap":{"0":{"start":{"line":13,"column":21},"end":{"line":56,"column":1}},"1":{"start":{"line":15,"column":30},"end":{"line":15,"column":42}},"2":{"start":{"line":16,"column":36},"end":{"line":16,"column":51}},"3":{"start":{"line":18,"column":19},"end":{"line":18,"column":32}},"4":{"start":{"line":19,"column":21},"end":{"line":19,"column":36}},"5":{"start":{"line":20,"column":16},"end":{"line":20,"column":35}},"6":{"start":{"line":21,"column":16},"end":{"line":21,"column":63}},"7":{"start":{"line":21,"column":37},"end":{"line":21,"column":62}},"8":{"start":{"line":23,"column":2},"end":{"line":29,"column":3}},"9":{"start":{"line":24,"column":4},"end":{"line":28,"column":7}},"10":{"start":{"line":31,"column":2},"end":{"line":55,"column":4}},"11":{"start":{"line":38,"column":47},"end":{"line":38,"column":65}},"12":{"start":{"line":41,"column":23},"end":{"line":41,"column":42}},"13":{"start":{"line":45,"column":30},"end":{"line":46,"column":74}},"14":{"start":{"line":47,"column":30},"end":{"line":48,"column":74}},"15":{"start":{"line":51,"column":48},"end":{"line":51,"column":95}},"16":{"start":{"line":52,"column":51},"end":{"line":52,"column":101}},"17":{"start":{"line":53,"column":34},"end":{"line":53,"column":67}},"18":{"start":{"line":60,"column":33},"end":{"line":69,"column":1}},"19":{"start":{"line":61,"column":2},"end":{"line":68,"column":11}},"20":{"start":{"line":71,"column":34},"end":{"line":80,"column":1}},"21":{"start":{"line":72,"column":2},"end":{"line":79,"column":11}},"22":{"start":{"line":82,"column":37},"end":{"line":91,"column":1}},"23":{"start":{"line":83,"column":2},"end":{"line":90,"column":11}},"24":{"start":{"line":93,"column":20},"end":{"line":102,"column":1}},"25":{"start":{"line":94,"column":2},"end":{"line":101,"column":11}},"26":{"start":{"line":110,"column":2},"end":{"line":125,"column":4}},"27":{"start":{"line":121,"column":23},"end":{"line":122,"column":56}},"28":{"start":{"line":130,"column":2},"end":{"line":130,"column":42}},"29":{"start":{"line":131,"column":2},"end":{"line":131,"column":22}},"30":{"start":{"line":132,"column":2},"end":{"line":132,"column":35}},"31":{"start":{"line":133,"column":2},"end":{"line":133,"column":29}},"32":{"start":{"line":137,"column":2},"end":{"line":142,"column":5}},"33":{"start":{"line":146,"column":2},"end":{"line":146,"column":16}},"34":{"start":{"line":147,"column":2},"end":{"line":147,"column":33}},"35":{"start":{"line":151,"column":2},"end":{"line":151,"column":51}},"36":{"start":{"line":156,"column":2},"end":{"line":156,"column":52}},"37":{"start":{"line":157,"column":2},"end":{"line":157,"column":22}},"38":{"start":{"line":158,"column":2},"end":{"line":158,"column":35}},"39":{"start":{"line":162,"column":2},"end":{"line":168,"column":5}},"40":{"start":{"line":172,"column":2},"end":{"line":185,"column":4}},"41":{"start":{"line":182,"column":23},"end":{"line":182,"column":60}},"42":{"start":{"line":189,"column":2},"end":{"line":189,"column":49}},"43":{"start":{"line":190,"column":2},"end":{"line":190,"column":29}},"44":{"start":{"line":194,"column":2},"end":{"line":196,"column":5}},"45":{"start":{"line":200,"column":2},"end":{"line":213,"column":4}},"46":{"start":{"line":210,"column":23},"end":{"line":210,"column":63}},"47":{"start":{"line":217,"column":2},"end":{"line":217,"column":52}},"48":{"start":{"line":218,"column":2},"end":{"line":218,"column":29}},"49":{"start":{"line":222,"column":2},"end":{"line":224,"column":5}},"50":{"start":{"line":228,"column":2},"end":{"line":241,"column":4}},"51":{"start":{"line":238,"column":23},"end":{"line":238,"column":50}},"52":{"start":{"line":245,"column":2},"end":{"line":245,"column":36}},"53":{"start":{"line":246,"column":2},"end":{"line":246,"column":29}},"54":{"start":{"line":250,"column":2},"end":{"line":252,"column":5}}},"fnMap":{"0":{"name":"(anonymous_0)","decl":{"start":{"line":13,"column":21},"end":{"line":13,"column":22}},"loc":{"start":{"line":13,"column":27},"end":{"line":56,"column":1}},"line":13},"1":{"name":"(anonymous_1)","decl":{"start":{"line":21,"column":28},"end":{"line":21,"column":29}},"loc":{"start":{"line":21,"column":37},"end":{"line":21,"column":62}},"line":21},"2":{"name":"(anonymous_2)","decl":{"start":{"line":38,"column":41},"end":{"line":38,"column":42}},"loc":{"start":{"line":38,"column":47},"end":{"line":38,"column":65}},"line":38},"3":{"name":"(anonymous_3)","decl":{"start":{"line":41,"column":17},"end":{"line":41,"column":18}},"loc":{"start":{"line":41,"column":23},"end":{"line":41,"column":42}},"line":41},"4":{"name":"(anonymous_4)","decl":{"start":{"line":45,"column":24},"end":{"line":45,"column":25}},"loc":{"start":{"line":45,"column":30},"end":{"line":46,"column":74}},"line":45},"5":{"name":"(anonymous_5)","decl":{"start":{"line":47,"column":24},"end":{"line":47,"column":25}},"loc":{"start":{"line":47,"column":30},"end":{"line":48,"column":74}},"line":47},"6":{"name":"(anonymous_6)","decl":{"start":{"line":51,"column":42},"end":{"line":51,"column":43}},"loc":{"start":{"line":51,"column":48},"end":{"line":51,"column":95}},"line":51},"7":{"name":"(anonymous_7)","decl":{"start":{"line":52,"column":45},"end":{"line":52,"column":46}},"loc":{"start":{"line":52,"column":51},"end":{"line":52,"column":101}},"line":52},"8":{"name":"(anonymous_8)","decl":{"start":{"line":53,"column":28},"end":{"line":53,"column":29}},"loc":{"start":{"line":53,"column":34},"end":{"line":53,"column":67}},"line":53},"9":{"name":"(anonymous_9)","decl":{"start":{"line":60,"column":33},"end":{"line":60,"column":34}},"loc":{"start":{"line":61,"column":2},"end":{"line":68,"column":11}},"line":61},"10":{"name":"(anonymous_10)","decl":{"start":{"line":71,"column":34},"end":{"line":71,"column":35}},"loc":{"start":{"line":72,"column":2},"end":{"line":79,"column":11}},"line":72},"11":{"name":"(anonymous_11)","decl":{"start":{"line":82,"column":37},"end":{"line":82,"column":38}},"loc":{"start":{"line":83,"column":2},"end":{"line":90,"column":11}},"line":83},"12":{"name":"(anonymous_12)","decl":{"start":{"line":93,"column":20},"end":{"line":93,"column":21}},"loc":{"start":{"line":94,"column":2},"end":{"line":101,"column":11}},"line":94},"13":{"name":"handleRemoveCourse","decl":{"start":{"line":108,"column":9},"end":{"line":108,"column":27}},"loc":{"start":{"line":109,"column":49},"end":{"line":126,"column":1}},"line":109},"14":{"name":"(anonymous_14)","decl":{"start":{"line":121,"column":17},"end":{"line":121,"column":18}},"loc":{"start":{"line":121,"column":23},"end":{"line":122,"column":56}},"line":121},"15":{"name":"removeCourse","decl":{"start":{"line":128,"column":9},"end":{"line":128,"column":21}},"loc":{"start":{"line":129,"column":32},"end":{"line":134,"column":1}},"line":129},"16":{"name":"removePersistedCourse","decl":{"start":{"line":136,"column":9},"end":{"line":136,"column":30}},"loc":{"start":{"line":136,"column":51},"end":{"line":143,"column":1}},"line":136},"17":{"name":"clearFields","decl":{"start":{"line":145,"column":9},"end":{"line":145,"column":20}},"loc":{"start":{"line":145,"column":42},"end":{"line":148,"column":1}},"line":145},"18":{"name":"goToHomeScreen","decl":{"start":{"line":150,"column":9},"end":{"line":150,"column":23}},"loc":{"start":{"line":150,"column":36},"end":{"line":152,"column":1}},"line":150},"19":{"name":"handleUpdateCourse","decl":{"start":{"line":154,"column":9},"end":{"line":154,"column":27}},"loc":{"start":{"line":155,"column":49},"end":{"line":159,"column":1}},"line":155},"20":{"name":"updatePersistedCourse","decl":{"start":{"line":161,"column":9},"end":{"line":161,"column":30}},"loc":{"start":{"line":161,"column":61},"end":{"line":169,"column":1}},"line":161},"21":{"name":"handleRemoveAllMonthTasks","decl":{"start":{"line":171,"column":9},"end":{"line":171,"column":34}},"loc":{"start":{"line":171,"column":57},"end":{"line":186,"column":1}},"line":171},"22":{"name":"(anonymous_22)","decl":{"start":{"line":182,"column":17},"end":{"line":182,"column":18}},"loc":{"start":{"line":182,"column":23},"end":{"line":182,"column":60}},"line":182},"23":{"name":"resetMonthTasks","decl":{"start":{"line":188,"column":9},"end":{"line":188,"column":24}},"loc":{"start":{"line":188,"column":47},"end":{"line":191,"column":1}},"line":188},"24":{"name":"removePersistedTasksFromCurrentMonth","decl":{"start":{"line":193,"column":9},"end":{"line":193,"column":45}},"loc":{"start":{"line":193,"column":56},"end":{"line":197,"column":1}},"line":193},"25":{"name":"handleRemoveAllSemesterTasks","decl":{"start":{"line":199,"column":9},"end":{"line":199,"column":37}},"loc":{"start":{"line":199,"column":60},"end":{"line":214,"column":1}},"line":199},"26":{"name":"(anonymous_26)","decl":{"start":{"line":210,"column":17},"end":{"line":210,"column":18}},"loc":{"start":{"line":210,"column":23},"end":{"line":210,"column":63}},"line":210},"27":{"name":"resetSemesterTasks","decl":{"start":{"line":216,"column":9},"end":{"line":216,"column":27}},"loc":{"start":{"line":216,"column":50},"end":{"line":219,"column":1}},"line":216},"28":{"name":"removePersistedTasksFromCurrentSemester","decl":{"start":{"line":221,"column":9},"end":{"line":221,"column":48}},"loc":{"start":{"line":221,"column":59},"end":{"line":225,"column":1}},"line":221},"29":{"name":"handleReset","decl":{"start":{"line":227,"column":9},"end":{"line":227,"column":20}},"loc":{"start":{"line":227,"column":43},"end":{"line":242,"column":1}},"line":227},"30":{"name":"(anonymous_30)","decl":{"start":{"line":238,"column":17},"end":{"line":238,"column":18}},"loc":{"start":{"line":238,"column":23},"end":{"line":238,"column":50}},"line":238},"31":{"name":"reset","decl":{"start":{"line":244,"column":9},"end":{"line":244,"column":14}},"loc":{"start":{"line":244,"column":37},"end":{"line":247,"column":1}},"line":244},"32":{"name":"removeAllPersistedTasks","decl":{"start":{"line":249,"column":9},"end":{"line":249,"column":32}},"loc":{"start":{"line":249,"column":43},"end":{"line":253,"column":1}},"line":249}},"branchMap":{"0":{"loc":{"start":{"line":23,"column":2},"end":{"line":29,"column":3}},"type":"if","locations":[{"start":{"line":23,"column":2},"end":{"line":29,"column":3}},{"start":{"line":23,"column":2},"end":{"line":29,"column":3}}],"line":23}},"s":{"0":1,"1":0,"2":0,"3":0,"4":0,"5":0,"6":0,"7":0,"8":0,"9":0,"10":0,"11":0,"12":0,"13":0,"14":0,"15":0,"16":0,"17":0,"18":1,"19":0,"20":1,"21":0,"22":1,"23":0,"24":1,"25":0,"26":0,"27":0,"28":0,"29":0,"30":0,"31":0,"32":0,"33":0,"34":0,"35":0,"36":0,"37":0,"38":0,"39":0,"40":0,"41":0,"42":0,"43":0,"44":0,"45":0,"46":0,"47":0,"48":0,"49":0,"50":0,"51":0,"52":0,"53":0,"54":0},"f":{"0":0,"1":0,"2":0,"3":0,"4":0,"5":0,"6":0,"7":0,"8":0,"9":0,"10":0,"11":0,"12":0,"13":0,"14":0,"15":0,"16":0,"17":0,"18":0,"19":0,"20":0,"21":0,"22":0,"23":0,"24":0,"25":0,"26":0,"27":0,"28":0,"29":0,"30":0,"31":0,"32":0},"b":{"0":[0,0]},"_coverageSchema":"1a1c01bbd47fc00a2c39e90264f33305004495a9","hash":"48a9c6695ebe66a2746cd0f3ee7b5a9e1eeb913e"}
,"/home/williamniemiec/Documents/workspace/ufrgs/universitask/src/screens/CreateTaskScreen/CreateCourseModal.js": {"path":"/home/williamniemiec/Documents/workspace/ufrgs/universitask/src/screens/CreateTaskScreen/CreateCourseModal.js","statementMap":{"0":{"start":{"line":16,"column":26},"end":{"line":36,"column":1}},"1":{"start":{"line":19,"column":22},"end":{"line":19,"column":34}},"2":{"start":{"line":21,"column":2},"end":{"line":35,"column":4}},"3":{"start":{"line":40,"column":32},"end":{"line":44,"column":1}},"4":{"start":{"line":41,"column":2},"end":{"line":43,"column":17}},"5":{"start":{"line":46,"column":30},"end":{"line":74,"column":1}},"6":{"start":{"line":47,"column":2},"end":{"line":73,"column":4}},"7":{"start":{"line":61,"column":32},"end":{"line":61,"column":51}},"8":{"start":{"line":69,"column":37},"end":{"line":69,"column":64}},"9":{"start":{"line":76,"column":32},"end":{"line":84,"column":1}},"10":{"start":{"line":77,"column":2},"end":{"line":83,"column":17}}},"fnMap":{"0":{"name":"(anonymous_0)","decl":{"start":{"line":16,"column":26},"end":{"line":16,"column":27}},"loc":{"start":{"line":17,"column":60},"end":{"line":36,"column":1}},"line":17},"1":{"name":"(anonymous_1)","decl":{"start":{"line":40,"column":32},"end":{"line":40,"column":33}},"loc":{"start":{"line":41,"column":2},"end":{"line":43,"column":17}},"line":41},"2":{"name":"(anonymous_2)","decl":{"start":{"line":46,"column":30},"end":{"line":46,"column":31}},"loc":{"start":{"line":46,"column":88},"end":{"line":74,"column":1}},"line":46},"3":{"name":"(anonymous_3)","decl":{"start":{"line":61,"column":24},"end":{"line":61,"column":25}},"loc":{"start":{"line":61,"column":32},"end":{"line":61,"column":51}},"line":61},"4":{"name":"(anonymous_4)","decl":{"start":{"line":69,"column":25},"end":{"line":69,"column":26}},"loc":{"start":{"line":69,"column":37},"end":{"line":69,"column":64}},"line":69},"5":{"name":"(anonymous_5)","decl":{"start":{"line":76,"column":32},"end":{"line":76,"column":33}},"loc":{"start":{"line":77,"column":2},"end":{"line":83,"column":17}},"line":77}},"branchMap":{},"s":{"0":1,"1":0,"2":0,"3":1,"4":0,"5":1,"6":0,"7":0,"8":0,"9":1,"10":0},"f":{"0":0,"1":0,"2":0,"3":0,"4":0,"5":0},"b":{},"_coverageSchema":"1a1c01bbd47fc00a2c39e90264f33305004495a9","hash":"db7052bd668d58fa3bb665a765cb9eac08b09f4e"}
,"/home/williamniemiec/Documents/workspace/ufrgs/universitask/src/screens/CreateTaskScreen/index.js": {"path":"/home/williamniemiec/Documents/workspace/ufrgs/universitask/src/screens/CreateTaskScreen/index.js","statementMap":{"0":{"start":{"line":22,"column":25},"end":{"line":80,"column":1}},"1":{"start":{"line":24,"column":26},"end":{"line":24,"column":38}},"2":{"start":{"line":25,"column":30},"end":{"line":25,"column":42}},"3":{"start":{"line":26,"column":36},"end":{"line":26,"column":51}},"4":{"start":{"line":27,"column":38},"end":{"line":27,"column":50}},"5":{"start":{"line":29,"column":19},"end":{"line":29,"column":32}},"6":{"start":{"line":30,"column":21},"end":{"line":30,"column":36}},"7":{"start":{"line":31,"column":20},"end":{"line":31,"column":38}},"8":{"start":{"line":32,"column":18},"end":{"line":32,"column":36}},"9":{"start":{"line":33,"column":16},"end":{"line":33,"column":35}},"10":{"start":{"line":34,"column":16},"end":{"line":34,"column":63}},"11":{"start":{"line":34,"column":37},"end":{"line":34,"column":62}},"12":{"start":{"line":36,"column":2},"end":{"line":42,"column":3}},"13":{"start":{"line":37,"column":4},"end":{"line":41,"column":7}},"14":{"start":{"line":44,"column":2},"end":{"line":79,"column":4}},"15":{"start":{"line":57,"column":31},"end":{"line":57,"column":49}},"16":{"start":{"line":61,"column":23},"end":{"line":61,"column":42}},"17":{"start":{"line":64,"column":30},"end":{"line":65,"column":79}},"18":{"start":{"line":72,"column":23},"end":{"line":74,"column":43}},"19":{"start":{"line":84,"column":18},"end":{"line":104,"column":1}},"20":{"start":{"line":85,"column":2},"end":{"line":103,"column":9}},"21":{"start":{"line":106,"column":20},"end":{"line":148,"column":1}},"22":{"start":{"line":109,"column":14},"end":{"line":109,"column":43}},"23":{"start":{"line":109,"column":32},"end":{"line":109,"column":42}},"24":{"start":{"line":111,"column":4},"end":{"line":111,"column":35}},"25":{"start":{"line":114,"column":2},"end":{"line":147,"column":4}},"26":{"start":{"line":138,"column":41},"end":{"line":138,"column":62}},"27":{"start":{"line":138,"column":63},"end":{"line":138,"column":107}},"28":{"start":{"line":141,"column":12},"end":{"line":141,"column":66}},"29":{"start":{"line":150,"column":23},"end":{"line":155,"column":1}},"30":{"start":{"line":151,"column":2},"end":{"line":154,"column":9}},"31":{"start":{"line":157,"column":23},"end":{"line":162,"column":1}},"32":{"start":{"line":158,"column":2},"end":{"line":161,"column":9}},"33":{"start":{"line":164,"column":21},"end":{"line":169,"column":1}},"34":{"start":{"line":165,"column":2},"end":{"line":168,"column":9}},"35":{"start":{"line":178,"column":2},"end":{"line":181,"column":3}},"36":{"start":{"line":179,"column":4},"end":{"line":179,"column":36}},"37":{"start":{"line":180,"column":4},"end":{"line":180,"column":11}},"38":{"start":{"line":183,"column":2},"end":{"line":183,"column":22}},"39":{"start":{"line":184,"column":2},"end":{"line":184,"column":48}},"40":{"start":{"line":185,"column":2},"end":{"line":185,"column":55}},"41":{"start":{"line":189,"column":2},"end":{"line":189,"column":36}},"42":{"start":{"line":193,"column":2},"end":{"line":202,"column":4}},"43":{"start":{"line":206,"column":2},"end":{"line":212,"column":5}},"44":{"start":{"line":216,"column":2},"end":{"line":216,"column":16}},"45":{"start":{"line":217,"column":2},"end":{"line":217,"column":20}},"46":{"start":{"line":218,"column":2},"end":{"line":218,"column":33}},"47":{"start":{"line":223,"column":2},"end":{"line":226,"column":3}},"48":{"start":{"line":224,"column":4},"end":{"line":224,"column":32}},"49":{"start":{"line":225,"column":4},"end":{"line":225,"column":11}},"50":{"start":{"line":228,"column":2},"end":{"line":231,"column":3}},"51":{"start":{"line":229,"column":4},"end":{"line":229,"column":30}},"52":{"start":{"line":230,"column":4},"end":{"line":230,"column":11}},"53":{"start":{"line":233,"column":2},"end":{"line":236,"column":3}},"54":{"start":{"line":234,"column":4},"end":{"line":234,"column":30}},"55":{"start":{"line":235,"column":4},"end":{"line":235,"column":11}},"56":{"start":{"line":238,"column":2},"end":{"line":238,"column":58}},"57":{"start":{"line":239,"column":2},"end":{"line":239,"column":85}},"58":{"start":{"line":240,"column":2},"end":{"line":240,"column":29}},"59":{"start":{"line":244,"column":2},"end":{"line":253,"column":4}},"60":{"start":{"line":257,"column":2},"end":{"line":267,"column":4}},"61":{"start":{"line":271,"column":2},"end":{"line":271,"column":73}},"62":{"start":{"line":275,"column":2},"end":{"line":285,"column":4}},"63":{"start":{"line":289,"column":2},"end":{"line":297,"column":5}},"64":{"start":{"line":301,"column":2},"end":{"line":301,"column":14}},"65":{"start":{"line":302,"column":2},"end":{"line":302,"column":16}},"66":{"start":{"line":303,"column":2},"end":{"line":303,"column":20}},"67":{"start":{"line":304,"column":2},"end":{"line":304,"column":33}},"68":{"start":{"line":305,"column":2},"end":{"line":305,"column":36}},"69":{"start":{"line":306,"column":2},"end":{"line":306,"column":34}},"70":{"start":{"line":310,"column":2},"end":{"line":310,"column":51}}},"fnMap":{"0":{"name":"(anonymous_0)","decl":{"start":{"line":22,"column":25},"end":{"line":22,"column":26}},"loc":{"start":{"line":22,"column":40},"end":{"line":80,"column":1}},"line":22},"1":{"name":"(anonymous_1)","decl":{"start":{"line":34,"column":28},"end":{"line":34,"column":29}},"loc":{"start":{"line":34,"column":37},"end":{"line":34,"column":62}},"line":34},"2":{"name":"(anonymous_2)","decl":{"start":{"line":57,"column":25},"end":{"line":57,"column":26}},"loc":{"start":{"line":57,"column":31},"end":{"line":57,"column":49}},"line":57},"3":{"name":"(anonymous_3)","decl":{"start":{"line":61,"column":17},"end":{"line":61,"column":18}},"loc":{"start":{"line":61,"column":23},"end":{"line":61,"column":42}},"line":61},"4":{"name":"(anonymous_4)","decl":{"start":{"line":64,"column":24},"end":{"line":64,"column":25}},"loc":{"start":{"line":64,"column":30},"end":{"line":65,"column":79}},"line":64},"5":{"name":"(anonymous_5)","decl":{"start":{"line":72,"column":17},"end":{"line":72,"column":18}},"loc":{"start":{"line":72,"column":23},"end":{"line":74,"column":43}},"line":72},"6":{"name":"(anonymous_6)","decl":{"start":{"line":84,"column":18},"end":{"line":84,"column":19}},"loc":{"start":{"line":85,"column":2},"end":{"line":103,"column":9}},"line":85},"7":{"name":"(anonymous_7)","decl":{"start":{"line":106,"column":20},"end":{"line":106,"column":21}},"loc":{"start":{"line":106,"column":83},"end":{"line":148,"column":1}},"line":106},"8":{"name":"getCourseColor","decl":{"start":{"line":108,"column":11},"end":{"line":108,"column":25}},"loc":{"start":{"line":108,"column":30},"end":{"line":112,"column":3}},"line":108},"9":{"name":"(anonymous_9)","decl":{"start":{"line":109,"column":27},"end":{"line":109,"column":28}},"loc":{"start":{"line":109,"column":32},"end":{"line":109,"column":42}},"line":109},"10":{"name":"(anonymous_10)","decl":{"start":{"line":138,"column":25},"end":{"line":138,"column":26}},"loc":{"start":{"line":138,"column":40},"end":{"line":138,"column":108}},"line":138},"11":{"name":"(anonymous_11)","decl":{"start":{"line":140,"column":23},"end":{"line":140,"column":24}},"loc":{"start":{"line":141,"column":12},"end":{"line":141,"column":66}},"line":141},"12":{"name":"(anonymous_12)","decl":{"start":{"line":150,"column":23},"end":{"line":150,"column":24}},"loc":{"start":{"line":151,"column":2},"end":{"line":154,"column":9}},"line":151},"13":{"name":"(anonymous_13)","decl":{"start":{"line":157,"column":23},"end":{"line":157,"column":24}},"loc":{"start":{"line":158,"column":2},"end":{"line":161,"column":9}},"line":158},"14":{"name":"(anonymous_14)","decl":{"start":{"line":164,"column":21},"end":{"line":164,"column":22}},"loc":{"start":{"line":165,"column":2},"end":{"line":168,"column":9}},"line":165},"15":{"name":"handleNewCourse","decl":{"start":{"line":176,"column":9},"end":{"line":176,"column":24}},"loc":{"start":{"line":177,"column":35},"end":{"line":186,"column":1}},"line":177},"16":{"name":"isValidName","decl":{"start":{"line":188,"column":9},"end":{"line":188,"column":20}},"loc":{"start":{"line":188,"column":27},"end":{"line":190,"column":1}},"line":188},"17":{"name":"displayInvalidCourseNameAlert","decl":{"start":{"line":192,"column":9},"end":{"line":192,"column":38}},"loc":{"start":{"line":192,"column":41},"end":{"line":203,"column":1}},"line":192},"18":{"name":"persistCourse","decl":{"start":{"line":205,"column":9},"end":{"line":205,"column":22}},"loc":{"start":{"line":205,"column":55},"end":{"line":213,"column":1}},"line":205},"19":{"name":"clearModalFields","decl":{"start":{"line":215,"column":9},"end":{"line":215,"column":25}},"loc":{"start":{"line":215,"column":62},"end":{"line":219,"column":1}},"line":215},"20":{"name":"handleNewTask","decl":{"start":{"line":221,"column":9},"end":{"line":221,"column":22}},"loc":{"start":{"line":222,"column":80},"end":{"line":241,"column":1}},"line":222},"21":{"name":"displayInvalidCourseAlert","decl":{"start":{"line":243,"column":9},"end":{"line":243,"column":34}},"loc":{"start":{"line":243,"column":37},"end":{"line":254,"column":1}},"line":243},"22":{"name":"displayInvalidNameAlert","decl":{"start":{"line":256,"column":9},"end":{"line":256,"column":32}},"loc":{"start":{"line":256,"column":35},"end":{"line":268,"column":1}},"line":256},"23":{"name":"(anonymous_23)","decl":{"start":{"line":263,"column":17},"end":{"line":263,"column":18}},"loc":{"start":{"line":263,"column":23},"end":{"line":263,"column":25}},"line":263},"24":{"name":"taskStartsAfterDeadline","decl":{"start":{"line":270,"column":9},"end":{"line":270,"column":32}},"loc":{"start":{"line":270,"column":59},"end":{"line":272,"column":1}},"line":270},"25":{"name":"displayInvalidDateAlert","decl":{"start":{"line":274,"column":9},"end":{"line":274,"column":32}},"loc":{"start":{"line":274,"column":35},"end":{"line":286,"column":1}},"line":274},"26":{"name":"(anonymous_26)","decl":{"start":{"line":281,"column":17},"end":{"line":281,"column":18}},"loc":{"start":{"line":281,"column":23},"end":{"line":281,"column":25}},"line":281},"27":{"name":"persistTask","decl":{"start":{"line":288,"column":9},"end":{"line":288,"column":20}},"loc":{"start":{"line":288,"column":71},"end":{"line":298,"column":1}},"line":288},"28":{"name":"clearFields","decl":{"start":{"line":300,"column":9},"end":{"line":300,"column":20}},"loc":{"start":{"line":300,"column":92},"end":{"line":307,"column":1}},"line":300},"29":{"name":"goToHomeScreen","decl":{"start":{"line":309,"column":9},"end":{"line":309,"column":23}},"loc":{"start":{"line":309,"column":36},"end":{"line":311,"column":1}},"line":309}},"branchMap":{"0":{"loc":{"start":{"line":36,"column":2},"end":{"line":42,"column":3}},"type":"if","locations":[{"start":{"line":36,"column":2},"end":{"line":42,"column":3}},{"start":{"line":36,"column":2},"end":{"line":42,"column":3}}],"line":36},"1":{"loc":{"start":{"line":111,"column":11},"end":{"line":111,"column":34}},"type":"cond-expr","locations":[{"start":{"line":111,"column":15},"end":{"line":111,"column":22}},{"start":{"line":111,"column":25},"end":{"line":111,"column":34}}],"line":111},"2":{"loc":{"start":{"line":178,"column":2},"end":{"line":181,"column":3}},"type":"if","locations":[{"start":{"line":178,"column":2},"end":{"line":181,"column":3}},{"start":{"line":178,"column":2},"end":{"line":181,"column":3}}],"line":178},"3":{"loc":{"start":{"line":223,"column":2},"end":{"line":226,"column":3}},"type":"if","locations":[{"start":{"line":223,"column":2},"end":{"line":226,"column":3}},{"start":{"line":223,"column":2},"end":{"line":226,"column":3}}],"line":223},"4":{"loc":{"start":{"line":228,"column":2},"end":{"line":231,"column":3}},"type":"if","locations":[{"start":{"line":228,"column":2},"end":{"line":231,"column":3}},{"start":{"line":228,"column":2},"end":{"line":231,"column":3}}],"line":228},"5":{"loc":{"start":{"line":233,"column":2},"end":{"line":236,"column":3}},"type":"if","locations":[{"start":{"line":233,"column":2},"end":{"line":236,"column":3}},{"start":{"line":233,"column":2},"end":{"line":236,"column":3}}],"line":233}},"s":{"0":1,"1":0,"2":0,"3":0,"4":0,"5":0,"6":0,"7":0,"8":0,"9":0,"10":0,"11":0,"12":0,"13":0,"14":0,"15":0,"16":0,"17":0,"18":0,"19":1,"20":0,"21":1,"22":0,"23":0,"24":0,"25":0,"26":0,"27":0,"28":0,"29":1,"30":0,"31":1,"32":0,"33":1,"34":0,"35":0,"36":0,"37":0,"38":0,"39":0,"40":0,"41":0,"42":0,"43":0,"44":0,"45":0,"46":0,"47":0,"48":0,"49":0,"50":0,"51":0,"52":0,"53":0,"54":0,"55":0,"56":0,"57":0,"58":0,"59":0,"60":0,"61":0,"62":0,"63":0,"64":0,"65":0,"66":0,"67":0,"68":0,"69":0,"70":0},"f":{"0":0,"1":0,"2":0,"3":0,"4":0,"5":0,"6":0,"7":0,"8":0,"9":0,"10":0,"11":0,"12":0,"13":0,"14":0,"15":0,"16":0,"17":0,"18":0,"19":0,"20":0,"21":0,"22":0,"23":0,"24":0,"25":0,"26":0,"27":0,"28":0,"29":0},"b":{"0":[0,0],"1":[0,0],"2":[0,0],"3":[0,0],"4":[0,0],"5":[0,0]},"_coverageSchema":"1a1c01bbd47fc00a2c39e90264f33305004495a9","hash":"8d2e5e7e1d950ad9f3060cdb41bff5a3c2b11be0"}
,"/home/williamniemiec/Documents/workspace/ufrgs/universitask/src/screens/HistoryScreen/index.js": {"path":"/home/williamniemiec/Documents/workspace/ufrgs/universitask/src/screens/HistoryScreen/index.js","statementMap":{"0":{"start":{"line":9,"column":22},"end":{"line":22,"column":1}},"1":{"start":{"line":11,"column":27},"end":{"line":11,"column":74}},"2":{"start":{"line":11,"column":48},"end":{"line":11,"column":73}},"3":{"start":{"line":12,"column":25},"end":{"line":12,"column":70}},"4":{"start":{"line":12,"column":46},"end":{"line":12,"column":69}},"5":{"start":{"line":14,"column":22},"end":{"line":14,"column":70}},"6":{"start":{"line":15,"column":20},"end":{"line":15,"column":48}},"7":{"start":{"line":17,"column":2},"end":{"line":21,"column":4}},"8":{"start":{"line":31,"column":20},"end":{"line":31,"column":22}},"9":{"start":{"line":33,"column":2},"end":{"line":36,"column":3}},"10":{"start":{"line":34,"column":21},"end":{"line":34,"column":77}},"11":{"start":{"line":34,"column":48},"end":{"line":34,"column":69}},"12":{"start":{"line":35,"column":4},"end":{"line":35,"column":61}},"13":{"start":{"line":38,"column":2},"end":{"line":38,"column":20}},"14":{"start":{"line":42,"column":18},"end":{"line":42,"column":20}},"15":{"start":{"line":44,"column":2},"end":{"line":46,"column":3}},"16":{"start":{"line":45,"column":4},"end":{"line":45,"column":33}},"17":{"start":{"line":48,"column":2},"end":{"line":48,"column":19}}},"fnMap":{"0":{"name":"(anonymous_0)","decl":{"start":{"line":9,"column":22},"end":{"line":9,"column":23}},"loc":{"start":{"line":9,"column":37},"end":{"line":22,"column":1}},"line":9},"1":{"name":"(anonymous_1)","decl":{"start":{"line":11,"column":39},"end":{"line":11,"column":40}},"loc":{"start":{"line":11,"column":48},"end":{"line":11,"column":73}},"line":11},"2":{"name":"(anonymous_2)","decl":{"start":{"line":12,"column":37},"end":{"line":12,"column":38}},"loc":{"start":{"line":12,"column":46},"end":{"line":12,"column":69}},"line":12},"3":{"name":"getCoursesView","decl":{"start":{"line":30,"column":9},"end":{"line":30,"column":23}},"loc":{"start":{"line":30,"column":58},"end":{"line":39,"column":1}},"line":30},"4":{"name":"(anonymous_4)","decl":{"start":{"line":34,"column":43},"end":{"line":34,"column":44}},"loc":{"start":{"line":34,"column":48},"end":{"line":34,"column":69}},"line":34},"5":{"name":"getDeadlines","decl":{"start":{"line":41,"column":9},"end":{"line":41,"column":21}},"loc":{"start":{"line":41,"column":38},"end":{"line":49,"column":1}},"line":41}},"branchMap":{},"s":{"0":1,"1":0,"2":0,"3":0,"4":0,"5":0,"6":0,"7":0,"8":0,"9":0,"10":0,"11":0,"12":0,"13":0,"14":0,"15":0,"16":0,"17":0},"f":{"0":0,"1":0,"2":0,"3":0,"4":0,"5":0},"b":{},"_coverageSchema":"1a1c01bbd47fc00a2c39e90264f33305004495a9","hash":"36a6b3d0465a3cbfbb4bdca05652faa551548d53"}
,"/home/williamniemiec/Documents/workspace/ufrgs/universitask/src/screens/HomeScreen/index.js": {"path":"/home/williamniemiec/Documents/workspace/ufrgs/universitask/src/screens/HomeScreen/index.js","statementMap":{"0":{"start":{"line":11,"column":19},"end":{"line":19,"column":1}},"1":{"start":{"line":13,"column":2},"end":{"line":18,"column":4}}},"fnMap":{"0":{"name":"(anonymous_0)","decl":{"start":{"line":11,"column":19},"end":{"line":11,"column":20}},"loc":{"start":{"line":11,"column":34},"end":{"line":19,"column":1}},"line":11}},"branchMap":{},"s":{"0":1,"1":0},"f":{"0":0},"b":{},"_coverageSchema":"1a1c01bbd47fc00a2c39e90264f33305004495a9","hash":"3da1bd4982561fb624e3aa170d5e463202927227"}
,"/home/williamniemiec/Documents/workspace/ufrgs/universitask/src/screens/HomeScreen/styles.js": {"path":"/home/williamniemiec/Documents/workspace/ufrgs/universitask/src/screens/HomeScreen/styles.js","statementMap":{},"fnMap":{},"branchMap":{},"s":{},"f":{},"b":{},"_coverageSchema":"1a1c01bbd47fc00a2c39e90264f33305004495a9","hash":"e430fead51a615b55f3e2a5ff4f660e2c6d78e24"}
,"/home/williamniemiec/Documents/workspace/ufrgs/universitask/src/screens/TaskScreen/index.js": {"path":"/home/williamniemiec/Documents/workspace/ufrgs/universitask/src/screens/TaskScreen/index.js","statementMap":{"0":{"start":{"line":8,"column":19},"end":{"line":15,"column":1}},"1":{"start":{"line":10,"column":2},"end":{"line":14,"column":4}}},"fnMap":{"0":{"name":"(anonymous_0)","decl":{"start":{"line":8,"column":19},"end":{"line":8,"column":20}},"loc":{"start":{"line":8,"column":34},"end":{"line":15,"column":1}},"line":8}},"branchMap":{},"s":{"0":1,"1":0},"f":{"0":0},"b":{},"_coverageSchema":"1a1c01bbd47fc00a2c39e90264f33305004495a9","hash":"7c5e2a96c1c184a386e3935bc3ea8ae0ba70ace8"}
,"/home/williamniemiec/Documents/workspace/ufrgs/universitask/src/util/DateUtils.js": {"path":"/home/williamniemiec/Documents/workspace/ufrgs/universitask/src/util/DateUtils.js","statementMap":{"0":{"start":{"line":13,"column":17},"end":{"line":13,"column":35}},"1":{"start":{"line":14,"column":18},"end":{"line":14,"column":59}},"2":{"start":{"line":15,"column":16},"end":{"line":15,"column":56}},"3":{"start":{"line":16,"column":18},"end":{"line":16,"column":59}},"4":{"start":{"line":17,"column":20},"end":{"line":17,"column":63}},"5":{"start":{"line":19,"column":4},"end":{"line":21,"column":69}},"6":{"start":{"line":26,"column":2},"end":{"line":27,"column":18}},"7":{"start":{"line":27,"column":4},"end":{"line":27,"column":18}},"8":{"start":{"line":29,"column":2},"end":{"line":29,"column":22}},"9":{"start":{"line":33,"column":2},"end":{"line":33,"column":55}},"10":{"start":{"line":37,"column":2},"end":{"line":37,"column":55}}},"fnMap":{"0":{"name":"(anonymous_0)","decl":{"start":{"line":12,"column":14},"end":{"line":12,"column":15}},"loc":{"start":{"line":12,"column":42},"end":{"line":22,"column":3}},"line":12},"1":{"name":"getNumberWithLeadingZero","decl":{"start":{"line":25,"column":9},"end":{"line":25,"column":33}},"loc":{"start":{"line":25,"column":42},"end":{"line":30,"column":1}},"line":25},"2":{"name":"generateFormatedDateWithMonthFirst","decl":{"start":{"line":32,"column":9},"end":{"line":32,"column":43}},"loc":{"start":{"line":32,"column":78},"end":{"line":34,"column":1}},"line":32},"3":{"name":"generateFormatedDate","decl":{"start":{"line":36,"column":9},"end":{"line":36,"column":29}},"loc":{"start":{"line":36,"column":64},"end":{"line":38,"column":1}},"line":36}},"branchMap":{"0":{"loc":{"start":{"line":12,"column":21},"end":{"line":12,"column":37}},"type":"default-arg","locations":[{"start":{"line":12,"column":32},"end":{"line":12,"column":37}}],"line":12},"1":{"loc":{"start":{"line":19,"column":12},"end":{"line":21,"column":68}},"type":"cond-expr","locations":[{"start":{"line":20,"column":14},"end":{"line":20,"column":82}},{"start":{"line":21,"column":14},"end":{"line":21,"column":68}}],"line":19},"2":{"loc":{"start":{"line":26,"column":2},"end":{"line":27,"column":18}},"type":"if","locations":[{"start":{"line":26,"column":2},"end":{"line":27,"column":18}},{"start":{"line":26,"column":2},"end":{"line":27,"column":18}}],"line":26}},"s":{"0":0,"1":0,"2":0,"3":0,"4":0,"5":0,"6":0,"7":0,"8":0,"9":0,"10":0},"f":{"0":0,"1":0,"2":0,"3":0},"b":{"0":[0],"1":[0,0],"2":[0,0]},"_coverageSchema":"1a1c01bbd47fc00a2c39e90264f33305004495a9","hash":"692d638dadfd02133421fd1ac2f086352986e0da"}
}
