TN:
SF:src/colors.js
FNF:0
FNH:0
LF:0
LH:0
BRF:0
BRH:0
end_of_record
TN:
SF:src/components/DateTimeSelector.js
FN:14,(anonymous_0)
FN:21,(anonymous_1)
FN:39,(anonymous_2)
FN:58,(anonymous_3)
FN:72,(anonymous_4)
FN:83,openDateTimeSelector
FN:88,onChange
FNF:7
FNH:0
FNDA:0,(anonymous_0)
FNDA:0,(anonymous_1)
FNDA:0,(anonymous_2)
FNDA:0,(anonymous_3)
FNDA:0,(anonymous_4)
FNDA:0,openDateTimeSelector
FNDA:0,onChange
DA:14,1
DA:16,0
DA:17,0
DA:18,0
DA:19,0
DA:21,0
DA:22,0
DA:25,0
DA:39,0
DA:58,1
DA:62,0
DA:63,0
DA:65,0
DA:72,0
DA:84,0
DA:85,0
DA:90,0
DA:92,0
DA:93,0
DA:94,0
DA:95,0
DA:98,0
DA:99,0
DA:101,0
DA:102,0
DA:104,0
DA:105,0
DA:106,0
LF:28
LH:2
BRDA:14,0,0,0
BRDA:62,1,0,0
BRDA:62,1,1,0
BRDA:90,2,0,0
BRDA:90,2,1,0
BRDA:92,3,0,0
BRDA:92,3,1,0
BRDA:101,4,0,0
BRDA:101,4,1,0
BRDA:104,5,0,0
BRDA:104,5,1,0
BRDA:104,6,0,0
BRDA:104,6,1,0
BRF:13
BRH:0
end_of_record
TN:
SF:src/components/PrimaryButton.js
FN:5,(anonymous_0)
FNF:1
FNH:0
FNDA:0,(anonymous_0)
DA:5,1
DA:6,0
LF:2
LH:1
BRF:0
BRH:0
end_of_record
TN:
SF:src/components/CustomTabBar/index.js
FN:5,CustomTabBar
FN:9,(anonymous_1)
FN:12,(anonymous_2)
FN:18,(anonymous_3)
FN:23,(anonymous_4)
FN:34,(anonymous_5)
FN:40,(anonymous_6)
FNF:7
FNH:0
FNDA:0,CustomTabBar
FNDA:0,(anonymous_1)
FNDA:0,(anonymous_2)
FNDA:0,(anonymous_3)
FNDA:0,(anonymous_4)
FNDA:0,(anonymous_5)
FNDA:0,(anonymous_6)
DA:7,0
DA:9,0
DA:10,0
DA:13,0
DA:16,0
DA:19,0
DA:23,0
DA:24,0
DA:25,0
DA:29,0
DA:30,0
DA:32,0
DA:35,0
DA:36,0
DA:37,0
DA:38,0
DA:40,0
DA:41,0
DA:44,0
DA:45,0
DA:54,0
LF:21
LH:0
BRDA:29,0,0,0
BRDA:29,0,1,0
BRDA:44,1,0,0
BRDA:44,1,1,0
BRDA:58,2,0,0
BRDA:58,2,1,0
BRF:6
BRH:0
end_of_record
TN:
SF:src/components/CustomTabBar/styles.js
FNF:0
FNH:0
LF:0
LH:0
BRF:0
BRH:0
end_of_record
TN:
SF:src/components/Task/Loading.js
FN:4,(anonymous_0)
FNF:1
FNH:0
FNDA:0,(anonymous_0)
DA:4,1
DA:5,0
LF:2
LH:1
BRF:0
BRH:0
end_of_record
TN:
SF:src/components/Task/NoTasksMessage.js
FN:4,(anonymous_0)
FNF:1
FNH:0
FNDA:0,(anonymous_0)
DA:4,1
DA:5,0
LF:2
LH:1
BRF:0
BRH:0
end_of_record
TN:
SF:src/components/Task/TaskList.js
FN:19,removeTask
FN:27,(anonymous_1)
FN:31,(anonymous_2)
FN:38,(anonymous_3)
FN:40,handleTaskSelection
FN:44,getCourseName
FN:45,(anonymous_6)
FN:50,getCompletenessPrediction
FN:60,getCompletenessPredictionInDays
FN:73,handleRefresh
FN:76,(anonymous_10)
FN:79,(anonymous_11)
FN:101,(anonymous_12)
FN:117,(anonymous_13)
FN:137,(anonymous_14)
FN:147,(anonymous_15)
FN:164,(anonymous_16)
FN:167,(anonymous_17)
FN:167,(anonymous_18)
FN:168,(anonymous_19)
FN:173,(anonymous_20)
FNF:21
FNH:0
FNDA:0,removeTask
FNDA:0,(anonymous_1)
FNDA:0,(anonymous_2)
FNDA:0,(anonymous_3)
FNDA:0,handleTaskSelection
FNDA:0,getCourseName
FNDA:0,(anonymous_6)
FNDA:0,getCompletenessPrediction
FNDA:0,getCompletenessPredictionInDays
FNDA:0,handleRefresh
FNDA:0,(anonymous_10)
FNDA:0,(anonymous_11)
FNDA:0,(anonymous_12)
FNDA:0,(anonymous_13)
FNDA:0,(anonymous_14)
FNDA:0,(anonymous_15)
FNDA:0,(anonymous_16)
FNDA:0,(anonymous_17)
FNDA:0,(anonymous_18)
FNDA:0,(anonymous_19)
FNDA:0,(anonymous_20)
DA:17,1
DA:20,0
DA:27,0
DA:28,0
DA:31,1
DA:33,0
DA:34,0
DA:36,0
DA:37,0
DA:38,0
DA:41,0
DA:45,0
DA:47,0
DA:51,0
DA:52,0
DA:54,0
DA:55,0
DA:57,0
DA:61,0
DA:62,0
DA:64,0
DA:65,0
DA:67,0
DA:68,0
DA:70,0
DA:74,0
DA:75,0
DA:76,0
DA:79,0
DA:80,0
DA:101,0
DA:102,0
DA:117,0
DA:118,0
DA:137,0
DA:138,0
DA:147,0
DA:148,0
DA:160,0
DA:164,0
DA:167,0
DA:168,0
DA:174,0
DA:175,0
DA:177,0
DA:178,0
LF:46
LH:2
BRDA:47,0,0,0
BRDA:47,0,1,0
BRDA:54,1,0,0
BRDA:54,1,1,0
BRDA:54,2,0,0
BRDA:54,2,1,0
BRDA:64,3,0,0
BRDA:64,3,1,0
BRDA:105,4,0,0
BRDA:105,4,1,0
BRF:10
BRH:0
end_of_record
TN:
SF:src/components/Task/index.js
FN:7,(anonymous_0)
FN:12,(anonymous_1)
FN:13,(anonymous_2)
FN:15,(anonymous_3)
FNF:4
FNH:0
FNDA:0,(anonymous_0)
FNDA:0,(anonymous_1)
FNDA:0,(anonymous_2)
FNDA:0,(anonymous_3)
DA:7,1
DA:9,0
DA:10,0
DA:12,0
DA:13,0
DA:15,0
DA:16,0
DA:17,0
DA:20,0
DA:21,0
DA:23,0
DA:24,0
DA:26,0
LF:13
LH:1
BRDA:20,0,0,0
BRDA:20,0,1,0
BRDA:23,1,0,0
BRDA:23,1,1,0
BRDA:23,2,0,0
BRDA:23,2,1,0
BRF:6
BRH:0
end_of_record
TN:
SF:src/components/buttons/SecondaryButton.js
FN:4,(anonymous_0)
FNF:1
FNH:0
FNDA:0,(anonymous_0)
DA:4,1
DA:5,0
LF:2
LH:1
BRF:0
BRH:0
end_of_record
TN:
SF:src/components/buttons/PlusButton/index.js
FN:5,(anonymous_0)
FNF:1
FNH:0
FNDA:0,(anonymous_0)
DA:5,1
DA:6,0
LF:2
LH:1
BRF:0
BRH:0
end_of_record
TN:
SF:src/components/buttons/PlusButton/style.js
FNF:0
FNH:0
LF:0
LH:0
BRF:0
BRH:0
end_of_record
TN:
SF:src/components/template/Container.js
FNF:0
FNH:0
DA:3,1
LF:1
LH:1
BRF:0
BRH:0
end_of_record
TN:
SF:src/navigators/HomeStack.js
FN:14,(anonymous_0)
FNF:1
FNH:0
FNDA:0,(anonymous_0)
DA:12,1
DA:14,1
DA:16,0
LF:3
LH:2
BRF:0
BRH:0
end_of_record
TN:
SF:src/navigators/MainTab.js
FN:17,(anonymous_0)
FN:21,(anonymous_1)
FN:22,(anonymous_2)
FN:23,(anonymous_3)
FN:69,buildTabBarIcon
FNF:5
FNH:0
FNDA:0,(anonymous_0)
FNDA:0,(anonymous_1)
FNDA:0,(anonymous_2)
FNDA:0,(anonymous_3)
FNDA:0,buildTabBarIcon
DA:15,1
DA:17,1
DA:18,0
DA:21,0
DA:22,0
DA:23,0
DA:70,0
DA:72,0
DA:74,0
DA:75,0
DA:77,0
DA:78,0
DA:80,0
DA:81,0
DA:83,0
DA:84,0
DA:87,0
LF:17
LH:2
BRDA:72,0,0,0
BRDA:72,0,1,0
BRDA:72,0,2,0
BRDA:72,0,3,0
BRF:4
BRH:0
end_of_record
TN:
SF:src/reducers/UserReducer.js
FN:23,(anonymous_0)
FN:49,insertTask
FN:58,buildTaskFromPayload
FN:68,updateTask
FN:70,(anonymous_4)
FN:81,removeTask
FN:83,(anonymous_6)
FN:88,insertCourse
FN:102,hasAnyPersistedCourses
FN:106,hasPersistedCourseWithName
FN:109,(anonymous_10)
FN:112,buildCourseFromPayload
FN:120,updateCourse
FN:133,hasPersistedCourseWithId
FN:136,(anonymous_14)
FN:139,getPersistedCourseWithId
FN:142,(anonymous_16)
FN:145,getPersistedCoursesWithoutId
FN:148,(anonymous_18)
FN:151,removeCourse
FN:158,getPersistedTasksWithoutCourseId
FN:161,(anonymous_21)
FN:164,removeTasksFromCurrentMonth
FN:170,getPersistedTasksBeforeCurrentMonth
FN:174,(anonymous_24)
FN:177,getTaskBeginDate
FN:181,removeTasksFromCurrentSemester
FN:187,getPersistedTasksBeforeCurrentSemester
FN:191,(anonymous_28)
FN:194,removeAllTasks
FNF:30
FNH:1
FNDA:3,(anonymous_0)
FNDA:0,insertTask
FNDA:0,buildTaskFromPayload
FNDA:0,updateTask
FNDA:0,(anonymous_4)
FNDA:0,removeTask
FNDA:0,(anonymous_6)
FNDA:0,insertCourse
FNDA:0,hasAnyPersistedCourses
FNDA:0,hasPersistedCourseWithName
FNDA:0,(anonymous_10)
FNDA:0,buildCourseFromPayload
FNDA:0,updateCourse
FNDA:0,hasPersistedCourseWithId
FNDA:0,(anonymous_14)
FNDA:0,getPersistedCourseWithId
FNDA:0,(anonymous_16)
FNDA:0,getPersistedCoursesWithoutId
FNDA:0,(anonymous_18)
FNDA:0,removeCourse
FNDA:0,getPersistedTasksWithoutCourseId
FNDA:0,(anonymous_21)
FNDA:0,removeTasksFromCurrentMonth
FNDA:0,getPersistedTasksBeforeCurrentMonth
FNDA:0,(anonymous_24)
FNDA:0,getTaskBeginDate
FNDA:0,removeTasksFromCurrentSemester
FNDA:0,getPersistedTasksBeforeCurrentSemester
FNDA:0,(anonymous_28)
FNDA:0,removeAllTasks
DA:18,1
DA:25,3
DA:27,0
DA:29,0
DA:31,0
DA:33,0
DA:35,0
DA:37,0
DA:39,0
DA:41,0
DA:43,0
DA:45,3
DA:50,0
DA:51,0
DA:53,0
DA:55,0
DA:59,0
DA:69,0
DA:70,0
DA:72,0
DA:73,0
DA:75,0
DA:78,0
DA:82,0
DA:83,0
DA:85,0
DA:89,0
DA:90,0
DA:92,0
DA:93,0
DA:95,0
DA:96,0
DA:99,0
DA:103,0
DA:107,0
DA:109,0
DA:113,0
DA:121,0
DA:122,0
DA:124,0
DA:125,0
DA:127,0
DA:128,0
DA:130,0
DA:134,0
DA:136,0
DA:140,0
DA:142,0
DA:146,0
DA:148,0
DA:152,0
DA:153,0
DA:155,0
DA:159,0
DA:161,0
DA:165,0
DA:167,0
DA:171,0
DA:172,0
DA:174,0
DA:178,0
DA:182,0
DA:184,0
DA:188,0
DA:189,0
DA:191,0
DA:195,0
LF:67
LH:3
BRDA:23,0,0,3
BRDA:25,1,0,0
BRDA:25,1,1,0
BRDA:25,1,2,0
BRDA:25,1,3,0
BRDA:25,1,4,0
BRDA:25,1,5,0
BRDA:25,1,6,0
BRDA:25,1,7,0
BRDA:25,1,8,0
BRDA:25,1,9,3
BRDA:72,2,0,0
BRDA:72,2,1,0
BRDA:92,3,0,0
BRDA:92,3,1,0
BRDA:95,4,0,0
BRDA:95,4,1,0
BRDA:121,5,0,0
BRDA:121,5,1,0
BRF:19
BRH:2
end_of_record
TN:
SF:src/reducers/index.js
FNF:0
FNH:0
LF:0
LH:0
BRF:0
BRH:0
end_of_record
TN:
SF:src/screens/ConfigScreen/UpdateRemoveCourseModal.js
FN:18,(anonymous_0)
FN:54,(anonymous_1)
FN:60,(anonymous_2)
FN:64,getCourseColor
FN:65,(anonymous_4)
FN:94,(anonymous_5)
FN:99,(anonymous_6)
FN:109,(anonymous_7)
FN:116,(anonymous_8)
FNF:9
FNH:0
FNDA:0,(anonymous_0)
FNDA:0,(anonymous_1)
FNDA:0,(anonymous_2)
FNDA:0,getCourseColor
FNDA:0,(anonymous_4)
FNDA:0,(anonymous_5)
FNDA:0,(anonymous_6)
FNDA:0,(anonymous_7)
FNDA:0,(anonymous_8)
DA:18,1
DA:23,0
DA:25,0
DA:26,0
DA:32,0
DA:54,1
DA:55,0
DA:60,1
DA:65,0
DA:67,0
DA:70,0
DA:95,0
DA:96,0
DA:100,0
DA:109,0
DA:116,1
DA:117,0
LF:17
LH:4
BRDA:25,0,0,0
BRDA:25,0,1,0
BRDA:67,1,0,0
BRDA:67,1,1,0
BRF:4
BRH:0
end_of_record
TN:
SF:src/screens/ConfigScreen/index.js
FN:13,(anonymous_0)
FN:21,(anonymous_1)
FN:38,(anonymous_2)
FN:41,(anonymous_3)
FN:45,(anonymous_4)
FN:47,(anonymous_5)
FN:51,(anonymous_6)
FN:52,(anonymous_7)
FN:53,(anonymous_8)
FN:60,(anonymous_9)
FN:71,(anonymous_10)
FN:82,(anonymous_11)
FN:93,(anonymous_12)
FN:108,handleRemoveCourse
FN:121,(anonymous_14)
FN:128,removeCourse
FN:136,removePersistedCourse
FN:145,clearFields
FN:150,goToHomeScreen
FN:154,handleUpdateCourse
FN:161,updatePersistedCourse
FN:171,handleRemoveAllMonthTasks
FN:182,(anonymous_22)
FN:188,resetMonthTasks
FN:193,removePersistedTasksFromCurrentMonth
FN:199,handleRemoveAllSemesterTasks
FN:210,(anonymous_26)
FN:216,resetSemesterTasks
FN:221,removePersistedTasksFromCurrentSemester
FN:227,handleReset
FN:238,(anonymous_30)
FN:244,reset
FN:249,removeAllPersistedTasks
FNF:33
FNH:0
FNDA:0,(anonymous_0)
FNDA:0,(anonymous_1)
FNDA:0,(anonymous_2)
FNDA:0,(anonymous_3)
FNDA:0,(anonymous_4)
FNDA:0,(anonymous_5)
FNDA:0,(anonymous_6)
FNDA:0,(anonymous_7)
FNDA:0,(anonymous_8)
FNDA:0,(anonymous_9)
FNDA:0,(anonymous_10)
FNDA:0,(anonymous_11)
FNDA:0,(anonymous_12)
FNDA:0,handleRemoveCourse
FNDA:0,(anonymous_14)
FNDA:0,removeCourse
FNDA:0,removePersistedCourse
FNDA:0,clearFields
FNDA:0,goToHomeScreen
FNDA:0,handleUpdateCourse
FNDA:0,updatePersistedCourse
FNDA:0,handleRemoveAllMonthTasks
FNDA:0,(anonymous_22)
FNDA:0,resetMonthTasks
FNDA:0,removePersistedTasksFromCurrentMonth
FNDA:0,handleRemoveAllSemesterTasks
FNDA:0,(anonymous_26)
FNDA:0,resetSemesterTasks
FNDA:0,removePersistedTasksFromCurrentSemester
FNDA:0,handleReset
FNDA:0,(anonymous_30)
FNDA:0,reset
FNDA:0,removeAllPersistedTasks
DA:13,1
DA:15,0
DA:16,0
DA:18,0
DA:19,0
DA:20,0
DA:21,0
DA:23,0
DA:24,0
DA:31,0
DA:38,0
DA:41,0
DA:45,0
DA:47,0
DA:51,0
DA:52,0
DA:53,0
DA:60,1
DA:61,0
DA:71,1
DA:72,0
DA:82,1
DA:83,0
DA:93,1
DA:94,0
DA:110,0
DA:121,0
DA:130,0
DA:131,0
DA:132,0
DA:133,0
DA:137,0
DA:146,0
DA:147,0
DA:151,0
DA:156,0
DA:157,0
DA:158,0
DA:162,0
DA:172,0
DA:182,0
DA:189,0
DA:190,0
DA:194,0
DA:200,0
DA:210,0
DA:217,0
DA:218,0
DA:222,0
DA:228,0
DA:238,0
DA:245,0
DA:246,0
DA:250,0
LF:54
LH:5
BRDA:23,0,0,0
BRDA:23,0,1,0
BRF:2
BRH:0
end_of_record
TN:
SF:src/screens/CreateTaskScreen/CreateCourseModal.js
FN:16,(anonymous_0)
FN:40,(anonymous_1)
FN:46,(anonymous_2)
FN:61,(anonymous_3)
FN:69,(anonymous_4)
FN:76,(anonymous_5)
FNF:6
FNH:0
FNDA:0,(anonymous_0)
FNDA:0,(anonymous_1)
FNDA:0,(anonymous_2)
FNDA:0,(anonymous_3)
FNDA:0,(anonymous_4)
FNDA:0,(anonymous_5)
DA:16,1
DA:19,0
DA:21,0
DA:40,1
DA:41,0
DA:46,1
DA:47,0
DA:61,0
DA:69,0
DA:76,1
DA:77,0
LF:11
LH:4
BRF:0
BRH:0
end_of_record
TN:
SF:src/screens/CreateTaskScreen/index.js
FN:22,(anonymous_0)
FN:34,(anonymous_1)
FN:57,(anonymous_2)
FN:61,(anonymous_3)
FN:64,(anonymous_4)
FN:72,(anonymous_5)
FN:84,(anonymous_6)
FN:106,(anonymous_7)
FN:108,getCourseColor
FN:109,(anonymous_9)
FN:138,(anonymous_10)
FN:140,(anonymous_11)
FN:150,(anonymous_12)
FN:157,(anonymous_13)
FN:164,(anonymous_14)
FN:176,handleNewCourse
FN:188,isValidName
FN:192,displayInvalidCourseNameAlert
FN:205,persistCourse
FN:215,clearModalFields
FN:221,handleNewTask
FN:243,displayInvalidCourseAlert
FN:256,displayInvalidNameAlert
FN:263,(anonymous_23)
FN:270,taskStartsAfterDeadline
FN:274,displayInvalidDateAlert
FN:281,(anonymous_26)
FN:288,persistTask
FN:300,clearFields
FN:309,goToHomeScreen
FNF:30
FNH:0
FNDA:0,(anonymous_0)
FNDA:0,(anonymous_1)
FNDA:0,(anonymous_2)
FNDA:0,(anonymous_3)
FNDA:0,(anonymous_4)
FNDA:0,(anonymous_5)
FNDA:0,(anonymous_6)
FNDA:0,(anonymous_7)
FNDA:0,getCourseColor
FNDA:0,(anonymous_9)
FNDA:0,(anonymous_10)
FNDA:0,(anonymous_11)
FNDA:0,(anonymous_12)
FNDA:0,(anonymous_13)
FNDA:0,(anonymous_14)
FNDA:0,handleNewCourse
FNDA:0,isValidName
FNDA:0,displayInvalidCourseNameAlert
FNDA:0,persistCourse
FNDA:0,clearModalFields
FNDA:0,handleNewTask
FNDA:0,displayInvalidCourseAlert
FNDA:0,displayInvalidNameAlert
FNDA:0,(anonymous_23)
FNDA:0,taskStartsAfterDeadline
FNDA:0,displayInvalidDateAlert
FNDA:0,(anonymous_26)
FNDA:0,persistTask
FNDA:0,clearFields
FNDA:0,goToHomeScreen
DA:22,1
DA:24,0
DA:25,0
DA:26,0
DA:27,0
DA:29,0
DA:30,0
DA:31,0
DA:32,0
DA:33,0
DA:34,0
DA:36,0
DA:37,0
DA:44,0
DA:57,0
DA:61,0
DA:64,0
DA:72,0
DA:84,1
DA:85,0
DA:106,1
DA:109,0
DA:111,0
DA:114,0
DA:138,0
DA:141,0
DA:150,1
DA:151,0
DA:157,1
DA:158,0
DA:164,1
DA:165,0
DA:178,0
DA:179,0
DA:180,0
DA:183,0
DA:184,0
DA:185,0
DA:189,0
DA:193,0
DA:206,0
DA:216,0
DA:217,0
DA:218,0
DA:223,0
DA:224,0
DA:225,0
DA:228,0
DA:229,0
DA:230,0
DA:233,0
DA:234,0
DA:235,0
DA:238,0
DA:239,0
DA:240,0
DA:244,0
DA:257,0
DA:271,0
DA:275,0
DA:289,0
DA:301,0
DA:302,0
DA:303,0
DA:304,0
DA:305,0
DA:306,0
DA:310,0
LF:68
LH:6
BRDA:36,0,0,0
BRDA:36,0,1,0
BRDA:111,1,0,0
BRDA:111,1,1,0
BRDA:178,2,0,0
BRDA:178,2,1,0
BRDA:223,3,0,0
BRDA:223,3,1,0
BRDA:228,4,0,0
BRDA:228,4,1,0
BRDA:233,5,0,0
BRDA:233,5,1,0
BRF:12
BRH:0
end_of_record
TN:
SF:src/screens/HistoryScreen/index.js
FN:9,(anonymous_0)
FN:11,(anonymous_1)
FN:12,(anonymous_2)
FN:30,getCoursesView
FN:34,(anonymous_4)
FN:41,getDeadlines
FNF:6
FNH:0
FNDA:0,(anonymous_0)
FNDA:0,(anonymous_1)
FNDA:0,(anonymous_2)
FNDA:0,getCoursesView
FNDA:0,(anonymous_4)
FNDA:0,getDeadlines
DA:9,1
DA:11,0
DA:12,0
DA:14,0
DA:15,0
DA:17,0
DA:31,0
DA:33,0
DA:34,0
DA:35,0
DA:38,0
DA:42,0
DA:44,0
DA:45,0
DA:48,0
LF:15
LH:1
BRF:0
BRH:0
end_of_record
TN:
SF:src/screens/HomeScreen/index.js
FN:11,(anonymous_0)
FNF:1
FNH:0
FNDA:0,(anonymous_0)
DA:11,1
DA:13,0
LF:2
LH:1
BRF:0
BRH:0
end_of_record
TN:
SF:src/screens/HomeScreen/styles.js
FNF:0
FNH:0
LF:0
LH:0
BRF:0
BRH:0
end_of_record
TN:
SF:src/screens/TaskScreen/index.js
FN:8,(anonymous_0)
FNF:1
FNH:0
FNDA:0,(anonymous_0)
DA:8,1
DA:10,0
LF:2
LH:1
BRF:0
BRH:0
end_of_record
TN:
SF:src/util/DateUtils.js
FN:12,(anonymous_0)
FN:25,getNumberWithLeadingZero
FN:32,generateFormatedDateWithMonthFirst
FN:36,generateFormatedDate
FNF:4
FNH:0
FNDA:0,(anonymous_0)
FNDA:0,getNumberWithLeadingZero
FNDA:0,generateFormatedDateWithMonthFirst
FNDA:0,generateFormatedDate
DA:13,0
DA:14,0
DA:15,0
DA:16,0
DA:17,0
DA:19,0
DA:26,0
DA:27,0
DA:29,0
DA:33,0
DA:37,0
LF:11
LH:0
BRDA:12,0,0,0
BRDA:19,1,0,0
BRDA:19,1,1,0
BRDA:26,2,0,0
BRDA:26,2,1,0
BRF:5
BRH:0
end_of_record
